;  LST file generated by mikroListExporter - v.2.0 
; Date/Time: 02/12/2024 16:45:21
;----------------------------------------------

;Address Opcode 	ASM
0x0000	0x2B86      	GOTO       902
_interrupt:
0x0004	0x00FF      	MOVWF      R15
0x0005	0x0E03      	SWAPF      STATUS, 0
0x0006	0x0183      	CLRF       STATUS
0x0007	0x00C7      	MOVWF      ___saveSTATUS
0x0008	0x080A      	MOVF       PCLATH, 0
0x0009	0x00C6      	MOVWF      ___savePCLATH
0x000A	0x018A      	CLRF       PCLATH
0x000B	0x087C      	MOVF       R12, 0
0x000C	0x00A2      	MOVWF      34
0x000D	0x087D      	MOVF       R13, 0
0x000E	0x00A1      	MOVWF      33
0x000F	0x0804      	MOVF       FSR, 0
0x0010	0x00A3      	MOVWF      35
;Projet.c,109 :: 		void interrupt() {
;Projet.c,111 :: 		if (INTF_bit) {
0x0011	0x1C8B      	BTFSS      INTF_bit, BitPos(INTF_bit+0)
0x0012	0x2830      	GOTO       L_interrupt0
;Projet.c,112 :: 		INTF_bit = 0;
0x0013	0x108B      	BCF        INTF_bit, BitPos(INTF_bit+0)
;Projet.c,113 :: 		NB_Adherent++;
0x0014	0x0AB7      	INCF       _NB_Adherent, 1
0x0015	0x1903      	BTFSC      STATUS, 2
0x0016	0x0AB8      	INCF       _NB_Adherent+1, 1
;Projet.c,114 :: 		LED_AC = 1;
0x0017	0x1787      	BSF        RC7_bit, BitPos(RC7_bit+0)
;Projet.c,115 :: 		Lcd_Out(1, 1, "Bienvenue!");
0x0018	0x3001      	MOVLW      1
0x0019	0x00CC      	MOVWF      FARG_Lcd_Out_row
0x001A	0x3001      	MOVLW      1
0x001B	0x00CD      	MOVWF      FARG_Lcd_Out_column
0x001C	0x3039      	MOVLW      ?lstr1_Projet
0x001D	0x00CE      	MOVWF      FARG_Lcd_Out_text
0x001E	0x2251      	CALL       _Lcd_Out
;Projet.c,116 :: 		Delay_ms(3000);
0x001F	0x301F      	MOVLW      31
0x0020	0x00FB      	MOVWF      R11
0x0021	0x3071      	MOVLW      113
0x0022	0x00FC      	MOVWF      R12
0x0023	0x301E      	MOVLW      30
0x0024	0x00FD      	MOVWF      R13
L_interrupt1:
0x0025	0x0BFD      	DECFSZ     R13, 1
0x0026	0x2825      	GOTO       L_interrupt1
0x0027	0x0BFC      	DECFSZ     R12, 1
0x0028	0x2825      	GOTO       L_interrupt1
0x0029	0x0BFB      	DECFSZ     R11, 1
0x002A	0x2825      	GOTO       L_interrupt1
0x002B	0x0000      	NOP
;Projet.c,117 :: 		LED_AC = 0;
0x002C	0x1387      	BCF        RC7_bit, BitPos(RC7_bit+0)
;Projet.c,118 :: 		Lcd_Cmd(_LCD_CLEAR);
0x002D	0x3001      	MOVLW      1
0x002E	0x00D1      	MOVWF      FARG_Lcd_Cmd_out_char
0x002F	0x213F      	CALL       _Lcd_Cmd
;Projet.c,119 :: 		}
L_interrupt0:
;Projet.c,122 :: 		if(INTCON.T0IF == 1)
0x0030	0x1D0B      	BTFSS      INTCON, 2
0x0031	0x2840      	GOTO       L_interrupt2
;Projet.c,124 :: 		INTCON.T0IF = 0;
0x0032	0x110B      	BCF        INTCON, 2
;Projet.c,125 :: 		NB--;
0x0033	0x3001      	MOVLW      1
0x0034	0x02AA      	SUBWF      _NB, 1
0x0035	0x1C03      	BTFSS      STATUS, 0
0x0036	0x03AB      	DECF       _NB+1, 1
;Projet.c,126 :: 		if (NB==0) {
0x0037	0x3000      	MOVLW      0
0x0038	0x062B      	XORWF      _NB+1, 0
0x0039	0x1D03      	BTFSS      STATUS, 2
0x003A	0x283D      	GOTO       L__interrupt27
0x003B	0x3000      	MOVLW      0
0x003C	0x062A      	XORWF      _NB, 0
L__interrupt27:
0x003D	0x1D03      	BTFSS      STATUS, 2
0x003E	0x2840      	GOTO       L_interrupt3
;Projet.c,127 :: 		repos();
0x003F	0x2374      	CALL       _repos
;Projet.c,128 :: 		}
L_interrupt3:
;Projet.c,129 :: 		}
L_interrupt2:
;Projet.c,131 :: 		if (RBIF_bit)
0x0040	0x1C0B      	BTFSS      RBIF_bit, BitPos(RBIF_bit+0)
0x0041	0x2910      	GOTO       L_interrupt4
;Projet.c,133 :: 		RBIF_bit = 0;
0x0042	0x100B      	BCF        RBIF_bit, BitPos(RBIF_bit+0)
;Projet.c,135 :: 		if (TREADMILL1_MOTION) {
0x0043	0x1E06      	BTFSS      RB4_bit, BitPos(RB4_bit+0)
0x0044	0x284C      	GOTO       L_interrupt5
;Projet.c,137 :: 		LED_R = 1;
0x0045	0x1587      	BSF        RC3_bit, BitPos(RC3_bit+0)
;Projet.c,140 :: 		INTCON.T0IE = 1; // Activer interruption sur TMR0
0x0046	0x168B      	BSF        INTCON, 5
;Projet.c,141 :: 		OPTION_REG.PSA = 0; // On va utiliser un prediviseur
0x0047	0x1683      	BSF        STATUS, 5
0x0048	0x1181      	BCF        OPTION_REG, 3
;Projet.c,143 :: 		OPTION_REG.PS0 = 1;
0x0049	0x1401      	BSF        OPTION_REG, 0
;Projet.c,144 :: 		OPTION_REG.PS1 = 1;
0x004A	0x1481      	BSF        OPTION_REG, 1
;Projet.c,145 :: 		OPTION_REG.PS2 = 1;
0x004B	0x1501      	BSF        OPTION_REG, 2
;Projet.c,146 :: 		}
L_interrupt5:
;Projet.c,148 :: 		if (TREADMILL2_MOTION) {
0x004C	0x1283      	BCF        STATUS, 5
0x004D	0x1E86      	BTFSS      RB5_bit, BitPos(RB5_bit+0)
0x004E	0x28A9      	GOTO       L_interrupt6
;Projet.c,149 :: 		LED_B = 1;
0x004F	0x1607      	BSF        RC4_bit, BitPos(RC4_bit+0)
;Projet.c,150 :: 		heart_rate = ADC_Read(1) * 0.5; // Potentiometre
0x0050	0x3001      	MOVLW      1
0x0051	0x00CC      	MOVWF      FARG_ADC_Read_channel
0x0052	0x21DD      	CALL       _ADC_Read
0x0053	0x2310      	CALL       _word2double
0x0054	0x3000      	MOVLW      0
0x0055	0x00F4      	MOVWF      R4
0x0056	0x3000      	MOVLW      0
0x0057	0x00F5      	MOVWF      R4+1
0x0058	0x3000      	MOVLW      0
0x0059	0x00F6      	MOVWF      R4+2
0x005A	0x307E      	MOVLW      126
0x005B	0x00F7      	MOVWF      R4+3
0x005C	0x2291      	CALL       _Mul_32x32_FP
0x005D	0x0870      	MOVF       R0, 0
0x005E	0x00A6      	MOVWF      _heart_rate
0x005F	0x0871      	MOVF       R0+1, 0
0x0060	0x00A7      	MOVWF      _heart_rate+1
0x0061	0x0872      	MOVF       R0+2, 0
0x0062	0x00A8      	MOVWF      _heart_rate+2
0x0063	0x0873      	MOVF       R0+3, 0
0x0064	0x00A9      	MOVWF      _heart_rate+3
;Projet.c,151 :: 		if (heart_rate > 150) {
0x0065	0x0870      	MOVF       R0, 0
0x0066	0x00F4      	MOVWF      R4
0x0067	0x0871      	MOVF       R0+1, 0
0x0068	0x00F5      	MOVWF      R4+1
0x0069	0x0872      	MOVF       R0+2, 0
0x006A	0x00F6      	MOVWF      R4+2
0x006B	0x0873      	MOVF       R0+3, 0
0x006C	0x00F7      	MOVWF      R4+3
0x006D	0x3000      	MOVLW      0
0x006E	0x00F0      	MOVWF      R0
0x006F	0x3000      	MOVLW      0
0x0070	0x00F1      	MOVWF      R0+1
0x0071	0x3016      	MOVLW      22
0x0072	0x00F2      	MOVWF      R0+2
0x0073	0x3086      	MOVLW      134
0x0074	0x00F3      	MOVWF      R0+3
0x0075	0x2201      	CALL       _Compare_Double
0x0076	0x3001      	MOVLW      1
0x0077	0x1803      	BTFSC      STATUS, 0
0x0078	0x3000      	MOVLW      0
0x0079	0x00F0      	MOVWF      R0
0x007A	0x0870      	MOVF       R0, 0
0x007B	0x1903      	BTFSC      STATUS, 2
0x007C	0x28A8      	GOTO       L_interrupt7
;Projet.c,152 :: 		for (i = 0; i < 3; ++i)
0x007D	0x01A4      	CLRF       _i
0x007E	0x01A5      	CLRF       _i+1
L_interrupt8:
0x007F	0x3080      	MOVLW      128
0x0080	0x0625      	XORWF      _i+1, 0
0x0081	0x00F0      	MOVWF      R0
0x0082	0x3080      	MOVLW      128
0x0083	0x0270      	SUBWF      R0, 0
0x0084	0x1D03      	BTFSS      STATUS, 2
0x0085	0x2888      	GOTO       L__interrupt28
0x0086	0x3003      	MOVLW      3
0x0087	0x0224      	SUBWF      _i, 0
L__interrupt28:
0x0088	0x1803      	BTFSC      STATUS, 0
0x0089	0x28A8      	GOTO       L_interrupt9
;Projet.c,154 :: 		Delay_ms(400);
0x008A	0x3005      	MOVLW      5
0x008B	0x00FB      	MOVWF      R11
0x008C	0x300F      	MOVLW      15
0x008D	0x00FC      	MOVWF      R12
0x008E	0x30F1      	MOVLW      241
0x008F	0x00FD      	MOVWF      R13
L_interrupt11:
0x0090	0x0BFD      	DECFSZ     R13, 1
0x0091	0x2890      	GOTO       L_interrupt11
0x0092	0x0BFC      	DECFSZ     R12, 1
0x0093	0x2890      	GOTO       L_interrupt11
0x0094	0x0BFB      	DECFSZ     R11, 1
0x0095	0x2890      	GOTO       L_interrupt11
;Projet.c,155 :: 		LED_R = 1;
0x0096	0x1587      	BSF        RC3_bit, BitPos(RC3_bit+0)
;Projet.c,156 :: 		Delay_ms(400);
0x0097	0x3005      	MOVLW      5
0x0098	0x00FB      	MOVWF      R11
0x0099	0x300F      	MOVLW      15
0x009A	0x00FC      	MOVWF      R12
0x009B	0x30F1      	MOVLW      241
0x009C	0x00FD      	MOVWF      R13
L_interrupt12:
0x009D	0x0BFD      	DECFSZ     R13, 1
0x009E	0x289D      	GOTO       L_interrupt12
0x009F	0x0BFC      	DECFSZ     R12, 1
0x00A0	0x289D      	GOTO       L_interrupt12
0x00A1	0x0BFB      	DECFSZ     R11, 1
0x00A2	0x289D      	GOTO       L_interrupt12
;Projet.c,157 :: 		LED_R = 0;
0x00A3	0x1187      	BCF        RC3_bit, BitPos(RC3_bit+0)
;Projet.c,152 :: 		for (i = 0; i < 3; ++i)
0x00A4	0x0AA4      	INCF       _i, 1
0x00A5	0x1903      	BTFSC      STATUS, 2
0x00A6	0x0AA5      	INCF       _i+1, 1
;Projet.c,158 :: 		}
0x00A7	0x287F      	GOTO       L_interrupt8
L_interrupt9:
;Projet.c,159 :: 		}
L_interrupt7:
;Projet.c,160 :: 		}
0x00A8	0x28AD      	GOTO       L_interrupt13
L_interrupt6:
;Projet.c,162 :: 		Lcd_Cmd(_LCD_CLEAR);
0x00A9	0x3001      	MOVLW      1
0x00AA	0x00D1      	MOVWF      FARG_Lcd_Cmd_out_char
0x00AB	0x213F      	CALL       _Lcd_Cmd
;Projet.c,163 :: 		LED_B = 0;
0x00AC	0x1207      	BCF        RC4_bit, BitPos(RC4_bit+0)
;Projet.c,164 :: 		}
L_interrupt13:
;Projet.c,167 :: 		if (TREADMILL3_MOTION) {
0x00AD	0x1F06      	BTFSS      RB6_bit, BitPos(RB6_bit+0)
0x00AE	0x290B      	GOTO       L_interrupt14
;Projet.c,168 :: 		LED_J = 1;
0x00AF	0x1687      	BSF        RC5_bit, BitPos(RC5_bit+0)
;Projet.c,169 :: 		treadmill_distance = ADC_Read(2) * 0.1; // Capteur Ultrasonic
0x00B0	0x3002      	MOVLW      2
0x00B1	0x00CC      	MOVWF      FARG_ADC_Read_channel
0x00B2	0x21DD      	CALL       _ADC_Read
0x00B3	0x2310      	CALL       _word2double
0x00B4	0x30CD      	MOVLW      205
0x00B5	0x00F4      	MOVWF      R4
0x00B6	0x30CC      	MOVLW      204
0x00B7	0x00F5      	MOVWF      R4+1
0x00B8	0x304C      	MOVLW      76
0x00B9	0x00F6      	MOVWF      R4+2
0x00BA	0x307B      	MOVLW      123
0x00BB	0x00F7      	MOVWF      R4+3
0x00BC	0x2291      	CALL       _Mul_32x32_FP
0x00BD	0x0870      	MOVF       R0, 0
0x00BE	0x00AC      	MOVWF      _treadmill_distance
0x00BF	0x0871      	MOVF       R0+1, 0
0x00C0	0x00AD      	MOVWF      _treadmill_distance+1
0x00C1	0x0872      	MOVF       R0+2, 0
0x00C2	0x00AE      	MOVWF      _treadmill_distance+2
0x00C3	0x0873      	MOVF       R0+3, 0
0x00C4	0x00AF      	MOVWF      _treadmill_distance+3
;Projet.c,170 :: 		if (treadmill_distance >= 5.0) {
0x00C5	0x3000      	MOVLW      0
0x00C6	0x00F4      	MOVWF      R4
0x00C7	0x3000      	MOVLW      0
0x00C8	0x00F5      	MOVWF      R4+1
0x00C9	0x3020      	MOVLW      32
0x00CA	0x00F6      	MOVWF      R4+2
0x00CB	0x3081      	MOVLW      129
0x00CC	0x00F7      	MOVWF      R4+3
0x00CD	0x2201      	CALL       _Compare_Double
0x00CE	0x3001      	MOVLW      1
0x00CF	0x1C03      	BTFSS      STATUS, 0
0x00D0	0x3000      	MOVLW      0
0x00D1	0x00F0      	MOVWF      R0
0x00D2	0x0870      	MOVF       R0, 0
0x00D3	0x1903      	BTFSC      STATUS, 2
0x00D4	0x290A      	GOTO       L_interrupt15
;Projet.c,171 :: 		Lcd_Cmd(_LCD_CLEAR);
0x00D5	0x3001      	MOVLW      1
0x00D6	0x00D1      	MOVWF      FARG_Lcd_Cmd_out_char
0x00D7	0x213F      	CALL       _Lcd_Cmd
;Projet.c,172 :: 		Lcd_Out(1, 1, "BRAVO!");
0x00D8	0x3001      	MOVLW      1
0x00D9	0x00CC      	MOVWF      FARG_Lcd_Out_row
0x00DA	0x3001      	MOVLW      1
0x00DB	0x00CD      	MOVWF      FARG_Lcd_Out_column
0x00DC	0x3030      	MOVLW      ?lstr2_Projet
0x00DD	0x00CE      	MOVWF      FARG_Lcd_Out_text
0x00DE	0x2251      	CALL       _Lcd_Out
;Projet.c,173 :: 		for (i = 0; i < 3; ++i)
0x00DF	0x01A4      	CLRF       _i
0x00E0	0x01A5      	CLRF       _i+1
L_interrupt16:
0x00E1	0x3080      	MOVLW      128
0x00E2	0x0625      	XORWF      _i+1, 0
0x00E3	0x00F0      	MOVWF      R0
0x00E4	0x3080      	MOVLW      128
0x00E5	0x0270      	SUBWF      R0, 0
0x00E6	0x1D03      	BTFSS      STATUS, 2
0x00E7	0x28EA      	GOTO       L__interrupt29
0x00E8	0x3003      	MOVLW      3
0x00E9	0x0224      	SUBWF      _i, 0
L__interrupt29:
0x00EA	0x1803      	BTFSC      STATUS, 0
0x00EB	0x290A      	GOTO       L_interrupt17
;Projet.c,175 :: 		Delay_ms(400);
0x00EC	0x3005      	MOVLW      5
0x00ED	0x00FB      	MOVWF      R11
0x00EE	0x300F      	MOVLW      15
0x00EF	0x00FC      	MOVWF      R12
0x00F0	0x30F1      	MOVLW      241
0x00F1	0x00FD      	MOVWF      R13
L_interrupt19:
0x00F2	0x0BFD      	DECFSZ     R13, 1
0x00F3	0x28F2      	GOTO       L_interrupt19
0x00F4	0x0BFC      	DECFSZ     R12, 1
0x00F5	0x28F2      	GOTO       L_interrupt19
0x00F6	0x0BFB      	DECFSZ     R11, 1
0x00F7	0x28F2      	GOTO       L_interrupt19
;Projet.c,176 :: 		LED_AC = 1;
0x00F8	0x1787      	BSF        RC7_bit, BitPos(RC7_bit+0)
;Projet.c,177 :: 		Delay_ms(400);
0x00F9	0x3005      	MOVLW      5
0x00FA	0x00FB      	MOVWF      R11
0x00FB	0x300F      	MOVLW      15
0x00FC	0x00FC      	MOVWF      R12
0x00FD	0x30F1      	MOVLW      241
0x00FE	0x00FD      	MOVWF      R13
L_interrupt20:
0x00FF	0x0BFD      	DECFSZ     R13, 1
0x0100	0x28FF      	GOTO       L_interrupt20
0x0101	0x0BFC      	DECFSZ     R12, 1
0x0102	0x28FF      	GOTO       L_interrupt20
0x0103	0x0BFB      	DECFSZ     R11, 1
0x0104	0x28FF      	GOTO       L_interrupt20
;Projet.c,178 :: 		LED_AC = 0;
0x0105	0x1387      	BCF        RC7_bit, BitPos(RC7_bit+0)
;Projet.c,173 :: 		for (i = 0; i < 3; ++i)
0x0106	0x0AA4      	INCF       _i, 1
0x0107	0x1903      	BTFSC      STATUS, 2
0x0108	0x0AA5      	INCF       _i+1, 1
;Projet.c,179 :: 		}
0x0109	0x28E1      	GOTO       L_interrupt16
L_interrupt17:
;Projet.c,180 :: 		}
L_interrupt15:
;Projet.c,181 :: 		}
0x010A	0x2910      	GOTO       L_interrupt21
L_interrupt14:
;Projet.c,183 :: 		Lcd_Cmd(_LCD_CLEAR);
0x010B	0x3001      	MOVLW      1
0x010C	0x00D1      	MOVWF      FARG_Lcd_Cmd_out_char
0x010D	0x213F      	CALL       _Lcd_Cmd
;Projet.c,184 :: 		LED_J = 0;
0x010E	0x1287      	BCF        RC5_bit, BitPos(RC5_bit+0)
;Projet.c,185 :: 		LED_AC = 0;
0x010F	0x1387      	BCF        RC7_bit, BitPos(RC7_bit+0)
;Projet.c,186 :: 		}
L_interrupt21:
;Projet.c,187 :: 		}
L_interrupt4:
;Projet.c,188 :: 		}
L_end_interrupt:
L__interrupt26:
0x0110	0x0822      	MOVF       34, 0
0x0111	0x00FC      	MOVWF      R12
0x0112	0x0821      	MOVF       33, 0
0x0113	0x00FD      	MOVWF      R13
0x0114	0x0823      	MOVF       35, 0
0x0115	0x0084      	MOVWF      FSR
0x0116	0x0846      	MOVF       ___savePCLATH, 0
0x0117	0x008A      	MOVWF      PCLATH
0x0118	0x0E47      	SWAPF      ___saveSTATUS, 0
0x0119	0x0083      	MOVWF      STATUS
0x011A	0x0EFF      	SWAPF      R15, 1
0x011B	0x0E7F      	SWAPF      R15, 0
0x011C	0x0009      	RETFIE
; end of _interrupt
_Delay_50us:
;__Lib_Delays.c,19 :: 		void Delay_50us() {
;__Lib_Delays.c,20 :: 		Delay_us(50);
0x011D	0x3021      	MOVLW      33
0x011E	0x1283      	BCF        STATUS, 5
0x011F	0x1303      	BCF        STATUS, 6
0x0120	0x00FD      	MOVWF      R13
L_Delay_50us2:
0x0121	0x0BFD      	DECFSZ     R13, 1
0x0122	0x2921      	GOTO       L_Delay_50us2
;__Lib_Delays.c,21 :: 		}
L_end_Delay_50us:
0x0123	0x0008      	RETURN
; end of _Delay_50us
_Delay_5500us:
;__Lib_Delays.c,31 :: 		void Delay_5500us() {
;__Lib_Delays.c,32 :: 		Delay_us(5500);
0x0124	0x300F      	MOVLW      15
0x0125	0x1283      	BCF        STATUS, 5
0x0126	0x1303      	BCF        STATUS, 6
0x0127	0x00FC      	MOVWF      R12
0x0128	0x3047      	MOVLW      71
0x0129	0x00FD      	MOVWF      R13
L_Delay_5500us5:
0x012A	0x0BFD      	DECFSZ     R13, 1
0x012B	0x292A      	GOTO       L_Delay_5500us5
0x012C	0x0BFC      	DECFSZ     R12, 1
0x012D	0x292A      	GOTO       L_Delay_5500us5
0x012E	0x0000      	NOP
0x012F	0x0000      	NOP
;__Lib_Delays.c,33 :: 		}
L_end_Delay_5500us:
0x0130	0x0008      	RETURN
; end of _Delay_5500us
_Delay_1us:
;__Lib_Delays.c,7 :: 		void Delay_1us() {
;__Lib_Delays.c,8 :: 		Delay_us(1);
0x0131	0x0000      	NOP
0x0132	0x0000      	NOP
;__Lib_Delays.c,9 :: 		}
L_end_Delay_1us:
0x0133	0x0008      	RETURN
; end of _Delay_1us
_FIXSIGN32:
;__Lib_MathDouble.c,112 :: 		
;__Lib_MathDouble.c,116 :: 		
0x0134	0x1FFA      	BTFSS      R10, 7
;__Lib_MathDouble.c,117 :: 		
0x0135	0x13F2      	BCF        R2, 7
;__Lib_MathDouble.c,118 :: 		
0x0136	0x3000      	MOVLW      0
;__Lib_MathDouble.c,120 :: 		
L_end_FIXSIGN32:
0x0137	0x0008      	RETURN
; end of _FIXSIGN32
_RES032:
;__Lib_MathDouble.c,123 :: 		
;__Lib_MathDouble.c,128 :: 		
0x0138	0x01F2      	CLRF       R2
;__Lib_MathDouble.c,129 :: 		
0x0139	0x01F1      	CLRF       R1
;__Lib_MathDouble.c,130 :: 		
0x013A	0x01F0      	CLRF       R0
;__Lib_MathDouble.c,131 :: 		
0x013B	0x01F8      	CLRF       R8
;__Lib_MathDouble.c,132 :: 		
0x013C	0x01F3      	CLRF       R3
;__Lib_MathDouble.c,133 :: 		
0x013D	0x3000      	MOVLW      0
;__Lib_MathDouble.c,135 :: 		
L_end_RES032:
0x013E	0x0008      	RETURN
; end of _RES032
_Lcd_Cmd:
;__Lib_Lcd.c,18 :: 		
;__Lib_Lcd.c,20 :: 		
0x013F	0x1283      	BCF        STATUS, 5
0x0140	0x1303      	BCF        STATUS, 6
0x0141	0x1BD1      	BTFSC      FARG_Lcd_Cmd_out_char, 7
0x0142	0x2945      	GOTO       L__Lcd_Cmd21
0x0143	0x1388      	BCF        LCD_D7, BitPos(LCD_D7+0)
0x0144	0x2946      	GOTO       L__Lcd_Cmd22
L__Lcd_Cmd21:
0x0145	0x1788      	BSF        LCD_D7, BitPos(LCD_D7+0)
L__Lcd_Cmd22:
;__Lib_Lcd.c,21 :: 		
0x0146	0x1B51      	BTFSC      FARG_Lcd_Cmd_out_char, 6
0x0147	0x294A      	GOTO       L__Lcd_Cmd23
0x0148	0x1308      	BCF        LCD_D6, BitPos(LCD_D6+0)
0x0149	0x294B      	GOTO       L__Lcd_Cmd24
L__Lcd_Cmd23:
0x014A	0x1708      	BSF        LCD_D6, BitPos(LCD_D6+0)
L__Lcd_Cmd24:
;__Lib_Lcd.c,22 :: 		
0x014B	0x1AD1      	BTFSC      FARG_Lcd_Cmd_out_char, 5
0x014C	0x294F      	GOTO       L__Lcd_Cmd25
0x014D	0x1288      	BCF        LCD_D5, BitPos(LCD_D5+0)
0x014E	0x2950      	GOTO       L__Lcd_Cmd26
L__Lcd_Cmd25:
0x014F	0x1688      	BSF        LCD_D5, BitPos(LCD_D5+0)
L__Lcd_Cmd26:
;__Lib_Lcd.c,23 :: 		
0x0150	0x1A51      	BTFSC      FARG_Lcd_Cmd_out_char, 4
0x0151	0x2954      	GOTO       L__Lcd_Cmd27
0x0152	0x1208      	BCF        LCD_D4, BitPos(LCD_D4+0)
0x0153	0x2955      	GOTO       L__Lcd_Cmd28
L__Lcd_Cmd27:
0x0154	0x1608      	BSF        LCD_D4, BitPos(LCD_D4+0)
L__Lcd_Cmd28:
;__Lib_Lcd.c,25 :: 		
0x0155	0x1848      	BTFSC      __Lib_Lcd_cmd_status, BitPos(__Lib_Lcd_cmd_status+0)
0x0156	0x2959      	GOTO       L__Lcd_Cmd29
0x0157	0x1407      	BSF        LCD_RS, BitPos(LCD_RS+0)
0x0158	0x295A      	GOTO       L__Lcd_Cmd30
L__Lcd_Cmd29:
0x0159	0x1007      	BCF        LCD_RS, BitPos(LCD_RS+0)
L__Lcd_Cmd30:
;__Lib_Lcd.c,28 :: 		
0x015A	0x1507      	BSF        LCD_EN, BitPos(LCD_EN+0)
;__Lib_Lcd.c,29 :: 		
0x015B	0x2131      	CALL       _Delay_1us
;__Lib_Lcd.c,30 :: 		
0x015C	0x1107      	BCF        LCD_EN, BitPos(LCD_EN+0)
;__Lib_Lcd.c,33 :: 		
0x015D	0x19D1      	BTFSC      FARG_Lcd_Cmd_out_char, 3
0x015E	0x2961      	GOTO       L__Lcd_Cmd31
0x015F	0x1388      	BCF        LCD_D7, BitPos(LCD_D7+0)
0x0160	0x2962      	GOTO       L__Lcd_Cmd32
L__Lcd_Cmd31:
0x0161	0x1788      	BSF        LCD_D7, BitPos(LCD_D7+0)
L__Lcd_Cmd32:
;__Lib_Lcd.c,34 :: 		
0x0162	0x1951      	BTFSC      FARG_Lcd_Cmd_out_char, 2
0x0163	0x2966      	GOTO       L__Lcd_Cmd33
0x0164	0x1308      	BCF        LCD_D6, BitPos(LCD_D6+0)
0x0165	0x2967      	GOTO       L__Lcd_Cmd34
L__Lcd_Cmd33:
0x0166	0x1708      	BSF        LCD_D6, BitPos(LCD_D6+0)
L__Lcd_Cmd34:
;__Lib_Lcd.c,35 :: 		
0x0167	0x18D1      	BTFSC      FARG_Lcd_Cmd_out_char, 1
0x0168	0x296B      	GOTO       L__Lcd_Cmd35
0x0169	0x1288      	BCF        LCD_D5, BitPos(LCD_D5+0)
0x016A	0x296C      	GOTO       L__Lcd_Cmd36
L__Lcd_Cmd35:
0x016B	0x1688      	BSF        LCD_D5, BitPos(LCD_D5+0)
L__Lcd_Cmd36:
;__Lib_Lcd.c,36 :: 		
0x016C	0x1851      	BTFSC      FARG_Lcd_Cmd_out_char, 0
0x016D	0x2970      	GOTO       L__Lcd_Cmd37
0x016E	0x1208      	BCF        LCD_D4, BitPos(LCD_D4+0)
0x016F	0x2971      	GOTO       L__Lcd_Cmd38
L__Lcd_Cmd37:
0x0170	0x1608      	BSF        LCD_D4, BitPos(LCD_D4+0)
L__Lcd_Cmd38:
;__Lib_Lcd.c,38 :: 		
0x0171	0x1848      	BTFSC      __Lib_Lcd_cmd_status, BitPos(__Lib_Lcd_cmd_status+0)
0x0172	0x2975      	GOTO       L__Lcd_Cmd39
0x0173	0x1407      	BSF        LCD_RS, BitPos(LCD_RS+0)
0x0174	0x2976      	GOTO       L__Lcd_Cmd40
L__Lcd_Cmd39:
0x0175	0x1007      	BCF        LCD_RS, BitPos(LCD_RS+0)
L__Lcd_Cmd40:
;__Lib_Lcd.c,40 :: 		
0x0176	0x1507      	BSF        LCD_EN, BitPos(LCD_EN+0)
;__Lib_Lcd.c,41 :: 		
0x0177	0x2131      	CALL       _Delay_1us
;__Lib_Lcd.c,42 :: 		
0x0178	0x1107      	BCF        LCD_EN, BitPos(LCD_EN+0)
;__Lib_Lcd.c,44 :: 		
0x0179	0x1C48      	BTFSS      __Lib_Lcd_cmd_status, BitPos(__Lib_Lcd_cmd_status+0)
0x017A	0x297D      	GOTO       L_Lcd_Cmd0
;__Lib_Lcd.c,45 :: 		
0x017B	0x2124      	CALL       _Delay_5500us
0x017C	0x297E      	GOTO       L_Lcd_Cmd1
L_Lcd_Cmd0:
;__Lib_Lcd.c,47 :: 		
0x017D	0x211D      	CALL       _Delay_50us
L_Lcd_Cmd1:
;__Lib_Lcd.c,48 :: 		
L_end_Lcd_Cmd:
0x017E	0x0008      	RETURN
; end of _Lcd_Cmd
_SETFUN32:
;__Lib_MathDouble.c,138 :: 		
;__Lib_MathDouble.c,145 :: 		
0x017F	0x157B      	BSF        R11, 2
;__Lib_MathDouble.c,146 :: 		
0x0180	0x1FFB      	BTFSS      R11, 7
;__Lib_MathDouble.c,147 :: 		
0x0181	0x2989      	GOTO       SETFUN32EEE
;__Lib_MathDouble.c,148 :: 		
0x0182	0x3001      	MOVLW      1
;__Lib_MathDouble.c,149 :: 		
0x0183	0x00F3      	MOVWF      R3
;__Lib_MathDouble.c,150 :: 		
0x0184	0x01F2      	CLRF       R2
;__Lib_MathDouble.c,151 :: 		
0x0185	0x01F1      	CLRF       R1
;__Lib_MathDouble.c,152 :: 		
0x0186	0x01F0      	CLRF       R0
;__Lib_MathDouble.c,153 :: 		
0x0187	0x0DFA      	RLF        R10, 1
;__Lib_MathDouble.c,154 :: 		
0x0188	0x0CF2      	RRF        R2, 1
;__Lib_MathDouble.c,155 :: 		
SETFUN32EEE:
;__Lib_MathDouble.c,156 :: 		
0x0189	0x30FF      	MOVLW      255
;__Lib_MathDouble.c,158 :: 		
L_end_SETFUN32:
0x018A	0x0008      	RETURN
; end of _SETFUN32
_____DoICP:
;__Lib_System.c,6 :: 		
;__Lib_System.c,9 :: 		
0x018B	0x1283      	BCF        STATUS, 5
0x018C	0x1303      	BCF        STATUS, 6
0x018D	0x0845      	MOVF       ___DoICPAddr+1, 0
0x018E	0x008A      	MOVWF      PCLATH
;__Lib_System.c,10 :: 		
0x018F	0x0844      	MOVF       ___DoICPAddr, 0
0x0190	0x0082      	MOVWF      PCL
;__Lib_System.c,12 :: 		
L_end_____DoICP:
0x0191	0x0008      	RETURN
; end of _____DoICP
_Lcd_Chr_CP:
;__Lib_Lcd.c,50 :: 		
;__Lib_Lcd.c,52 :: 		
0x0192	0x1283      	BCF        STATUS, 5
0x0193	0x1303      	BCF        STATUS, 6
0x0194	0x1048      	BCF        __Lib_Lcd_cmd_status, BitPos(__Lib_Lcd_cmd_status+0)
;__Lib_Lcd.c,53 :: 		
0x0195	0x0850      	MOVF       FARG_Lcd_Chr_CP_out_char, 0
0x0196	0x00D1      	MOVWF      FARG_Lcd_Cmd_out_char
0x0197	0x213F      	CALL       _Lcd_Cmd
;__Lib_Lcd.c,54 :: 		
0x0198	0x1448      	BSF        __Lib_Lcd_cmd_status, BitPos(__Lib_Lcd_cmd_status+0)
;__Lib_Lcd.c,55 :: 		
L_end_Lcd_Chr_CP:
0x0199	0x0008      	RETURN
; end of _Lcd_Chr_CP
_NRM3232:
;__Lib_MathDouble.c,167 :: 		
;__Lib_MathDouble.c,173 :: 		
;__Lib_MathDouble.c,175 :: 		
0x019A	0x01A0      	CLRF       __math_tempbD
;__Lib_MathDouble.c,176 :: 		
0x019B	0x0872      	MOVF       R2, 0
;__Lib_MathDouble.c,177 :: 		
0x019C	0x1D03      	BTFSS      STATUS, 2
;__Lib_MathDouble.c,178 :: 		
0x019D	0x29AF      	GOTO       NORM3232
;__Lib_MathDouble.c,179 :: 		
0x019E	0x0871      	MOVF       R1, 0
;__Lib_MathDouble.c,180 :: 		
0x019F	0x00F2      	MOVWF      R2
;__Lib_MathDouble.c,181 :: 		
0x01A0	0x0870      	MOVF       R0, 0
;__Lib_MathDouble.c,182 :: 		
0x01A1	0x00F1      	MOVWF      R1
;__Lib_MathDouble.c,183 :: 		
0x01A2	0x01F0      	CLRF       R0
;__Lib_MathDouble.c,184 :: 		
0x01A3	0x15A0      	BSF        __math_tempbD, 3
;__Lib_MathDouble.c,186 :: 		
0x01A4	0x0872      	MOVF       R2, 0
;__Lib_MathDouble.c,187 :: 		
0x01A5	0x1D03      	BTFSS      STATUS, 2
;__Lib_MathDouble.c,188 :: 		
0x01A6	0x29AF      	GOTO       NORM3232
;__Lib_MathDouble.c,189 :: 		
0x01A7	0x0871      	MOVF       R1, 0
;__Lib_MathDouble.c,190 :: 		
0x01A8	0x00F2      	MOVWF      R2
;__Lib_MathDouble.c,191 :: 		
0x01A9	0x01F1      	CLRF       R1
;__Lib_MathDouble.c,192 :: 		
0x01AA	0x11A0      	BCF        __math_tempbD, 3
;__Lib_MathDouble.c,193 :: 		
0x01AB	0x1620      	BSF        __math_tempbD, 4
;__Lib_MathDouble.c,195 :: 		
0x01AC	0x0872      	MOVF       R2, 0
;__Lib_MathDouble.c,196 :: 		
0x01AD	0x1903      	BTFSC      STATUS, 2
;__Lib_MathDouble.c,197 :: 		
0x01AE	0x29BD      	GOTO       JPNRES032
;__Lib_MathDouble.c,198 :: 		
NORM3232:
;__Lib_MathDouble.c,199 :: 		
0x01AF	0x0820      	MOVF       __math_tempbD, 0
;__Lib_MathDouble.c,200 :: 		
0x01B0	0x02F3      	SUBWF      R3, 1
;__Lib_MathDouble.c,201 :: 		
0x01B1	0x1D03      	BTFSS      STATUS, 2
;__Lib_MathDouble.c,202 :: 		
0x01B2	0x1C03      	BTFSS      STATUS, 0
;__Lib_MathDouble.c,203 :: 		
0x01B3	0x29C1      	GOTO       JPNSETFUN32
;__Lib_MathDouble.c,204 :: 		
0x01B4	0x1003      	BCF        STATUS, 0
;__Lib_MathDouble.c,205 :: 		
NORM3232A:
;__Lib_MathDouble.c,206 :: 		
0x01B5	0x1BF2      	BTFSC      R2, 7
;__Lib_MathDouble.c,207 :: 		
0x01B6	0x29C5      	GOTO       JMPNFIXSIGN32
;__Lib_MathDouble.c,208 :: 		
0x01B7	0x0DF0      	RLF        R0, 1
;__Lib_MathDouble.c,209 :: 		
0x01B8	0x0DF1      	RLF        R1, 1
;__Lib_MathDouble.c,210 :: 		
0x01B9	0x0DF2      	RLF        R2, 1
;__Lib_MathDouble.c,211 :: 		
0x01BA	0x0BF3      	DECFSZ     R3, 1
;__Lib_MathDouble.c,212 :: 		
0x01BB	0x29B5      	GOTO       NORM3232A
;__Lib_MathDouble.c,213 :: 		
0x01BC	0x29C1      	GOTO       JPNSETFUN32
;__Lib_MathDouble.c,214 :: 		
JPNRES032:
;__Lib_MathDouble.c,215 :: 		
0x01BD	0x3001      	MOVLW      1
;__Lib_MathDouble.c,216 :: 		
0x01BE	0x00FC      	MOVWF      R12
;__Lib_MathDouble.c,218 :: 		
0x01BF	0x2138      	CALL       _RES032
;__Lib_MathDouble.c,220 :: 		
0x01C0	0x29C8      	GOTO       NORM32EEE
;__Lib_MathDouble.c,221 :: 		
JPNSETFUN32:
;__Lib_MathDouble.c,222 :: 		
0x01C1	0x3002      	MOVLW      2
;__Lib_MathDouble.c,223 :: 		
0x01C2	0x00FC      	MOVWF      R12
;__Lib_MathDouble.c,225 :: 		
0x01C3	0x217F      	CALL       _SETFUN32
;__Lib_MathDouble.c,227 :: 		
0x01C4	0x29C8      	GOTO       NORM32EEE
;__Lib_MathDouble.c,228 :: 		
JMPNFIXSIGN32:
;__Lib_MathDouble.c,229 :: 		
0x01C5	0x3004      	MOVLW      4
;__Lib_MathDouble.c,230 :: 		
0x01C6	0x00FC      	MOVWF      R12
;__Lib_MathDouble.c,232 :: 		
0x01C7	0x2134      	CALL       _FIXSIGN32
;__Lib_MathDouble.c,234 :: 		
NORM32EEE:
;__Lib_MathDouble.c,236 :: 		
L_end_NRM3232:
0x01C8	0x0008      	RETURN
; end of _NRM3232
_Delay_22us:
;__Lib_Delays.c,15 :: 		void Delay_22us() {
;__Lib_Delays.c,16 :: 		Delay_us(22);
0x01C9	0x300E      	MOVLW      14
0x01CA	0x1283      	BCF        STATUS, 5
0x01CB	0x1303      	BCF        STATUS, 6
0x01CC	0x00FD      	MOVWF      R13
L_Delay_22us1:
0x01CD	0x0BFD      	DECFSZ     R13, 1
0x01CE	0x29CD      	GOTO       L_Delay_22us1
0x01CF	0x0000      	NOP
;__Lib_Delays.c,17 :: 		}
L_end_Delay_22us:
0x01D0	0x0008      	RETURN
; end of _Delay_22us
_SETFOV32:
;__Lib_MathDouble.c,79 :: 		
;__Lib_MathDouble.c,86 :: 		
0x01D1	0x14FB      	BSF        R11, 1
;__Lib_MathDouble.c,87 :: 		
0x01D2	0x1FFB      	BTFSS      R11, 7
;__Lib_MathDouble.c,88 :: 		
0x01D3	0x29DB      	GOTO       SETFOV32EEE
;__Lib_MathDouble.c,89 :: 		
0x01D4	0x30FF      	MOVLW      255
;__Lib_MathDouble.c,90 :: 		
0x01D5	0x00F3      	MOVWF      R3
;__Lib_MathDouble.c,91 :: 		
0x01D6	0x00F2      	MOVWF      R2
;__Lib_MathDouble.c,92 :: 		
0x01D7	0x00F1      	MOVWF      R1
;__Lib_MathDouble.c,93 :: 		
0x01D8	0x00F0      	MOVWF      R0
;__Lib_MathDouble.c,94 :: 		
0x01D9	0x0DFA      	RLF        R10, 1
;__Lib_MathDouble.c,95 :: 		
0x01DA	0x0CF2      	RRF        R2, 1
;__Lib_MathDouble.c,96 :: 		
SETFOV32EEE:
;__Lib_MathDouble.c,97 :: 		
0x01DB	0x30FF      	MOVLW      255
;__Lib_MathDouble.c,99 :: 		
L_end_SETFOV32:
0x01DC	0x0008      	RETURN
; end of _SETFOV32
_ADC_Read:
;__Lib_ADC_A_C.c,45 :: 		
;__Lib_ADC_A_C.c,47 :: 		
0x01DD	0x1283      	BCF        STATUS, 5
0x01DE	0x1303      	BCF        STATUS, 6
0x01DF	0x019F      	CLRF       ADCON0
;__Lib_ADC_A_C.c,48 :: 		
0x01E0	0x30C0      	MOVLW      192
0x01E1	0x049F      	IORWF      ADCON0, 1
;__Lib_ADC_A_C.c,49 :: 		
0x01E2	0x1683      	BSF        STATUS, 5
0x01E3	0x171F      	BSF        ADCON1, 6
;__Lib_ADC_A_C.c,50 :: 		
0x01E4	0x179F      	BSF        ADCON1, 7
;__Lib_ADC_A_C.c,51 :: 		
0x01E5	0x1283      	BCF        STATUS, 5
0x01E6	0x084C      	MOVF       FARG_ADC_Read_channel, 0
0x01E7	0x00F0      	MOVWF      R0
0x01E8	0x0DF0      	RLF        R0, 1
0x01E9	0x1070      	BCF        R0, 0
0x01EA	0x0DF0      	RLF        R0, 1
0x01EB	0x1070      	BCF        R0, 0
0x01EC	0x0DF0      	RLF        R0, 1
0x01ED	0x1070      	BCF        R0, 0
0x01EE	0x0870      	MOVF       R0, 0
0x01EF	0x049F      	IORWF      ADCON0, 1
;__Lib_ADC_A_C.c,54 :: 		
0x01F0	0x141F      	BSF        ADCON0, 0
;__Lib_ADC_A_C.c,57 :: 		
0x01F1	0x21C9      	CALL       _Delay_22us
;__Lib_ADC_A_C.c,60 :: 		
0x01F2	0x151F      	BSF        ADCON0, 2
;__Lib_ADC_A_C.c,63 :: 		
L_ADC_Read2:
0x01F3	0x1D1F      	BTFSS      ADCON0, 2
0x01F4	0x29F7      	GOTO       L_ADC_Read3
;__Lib_ADC_A_C.c,64 :: 		
0x01F5	0x0000      	NOP
0x01F6	0x29F3      	GOTO       L_ADC_Read2
L_ADC_Read3:
;__Lib_ADC_A_C.c,67 :: 		
0x01F7	0x101F      	BCF        ADCON0, 0
;__Lib_ADC_A_C.c,70 :: 		
0x01F8	0x081E      	MOVF       ADRESH, 0
0x01F9	0x00F1      	MOVWF      R0+1
0x01FA	0x01F0      	CLRF       R0
0x01FB	0x1683      	BSF        STATUS, 5
0x01FC	0x081E      	MOVF       ADRESL, 0
0x01FD	0x04F0      	IORWF      R0, 1
0x01FE	0x3000      	MOVLW      0
0x01FF	0x04F1      	IORWF      R0+1, 1
;__Lib_ADC_A_C.c,71 :: 		
L_end_ADC_Read:
0x0200	0x0008      	RETURN
; end of _ADC_Read
_Compare_Double:
;__Lib_MathDouble.c,2053 :: 		
;__Lib_MathDouble.c,2062 :: 		
;__Lib_MathDouble.c,2064 :: 		
0x0201	0x1283      	BCF        STATUS, 5
;__Lib_MathDouble.c,2065 :: 		
0x0202	0x1303      	BCF        STATUS, 6
;__Lib_MathDouble.c,2067 :: 		
0x0203	0x01FA      	CLRF       R10
;__Lib_MathDouble.c,2068 :: 		
0x0204	0x0873      	MOVF       R3, 0
;__Lib_MathDouble.c,2069 :: 		
0x0205	0x1D03      	BTFSS      STATUS, 2
;__Lib_MathDouble.c,2070 :: 		
0x0206	0x147A      	BSF        R10, 0
;__Lib_MathDouble.c,2071 :: 		
0x0207	0x0877      	MOVF       R7, 0
;__Lib_MathDouble.c,2072 :: 		
0x0208	0x1D03      	BTFSS      STATUS, 2
;__Lib_MathDouble.c,2073 :: 		
0x0209	0x14FA      	BSF        R10, 1
;__Lib_MathDouble.c,2075 :: 		
0x020A	0x087A      	MOVF       R10, 0
;__Lib_MathDouble.c,2076 :: 		
0x020B	0x1903      	BTFSC      STATUS, 2
;__Lib_MathDouble.c,2077 :: 		
0x020C	0x2A4D      	GOTO       COMPARE_EQU
;__Lib_MathDouble.c,2078 :: 		
0x020D	0x3A03      	XORLW      3
;__Lib_MathDouble.c,2079 :: 		
0x020E	0x1903      	BTFSC      STATUS, 2
;__Lib_MathDouble.c,2080 :: 		
0x020F	0x2A18      	GOTO       COMPARE_NOTZERO
;__Lib_MathDouble.c,2082 :: 		
0x0210	0x187A      	BTFSC      R10, 0
;__Lib_MathDouble.c,2083 :: 		
0x0211	0x2A15      	GOTO       COMPARE_XNOTZERO
;__Lib_MathDouble.c,2085 :: 		
0x0212	0x1FF6      	BTFSS      R6, 7
;__Lib_MathDouble.c,2086 :: 		
0x0213	0x2A4B      	GOTO       COMPARE_LT
;__Lib_MathDouble.c,2087 :: 		
0x0214	0x2A49      	GOTO       COMPARE_GT
;__Lib_MathDouble.c,2088 :: 		
COMPARE_XNOTZERO:
;__Lib_MathDouble.c,2089 :: 		
0x0215	0x1FF2      	BTFSS      R2, 7
;__Lib_MathDouble.c,2090 :: 		
0x0216	0x2A49      	GOTO       COMPARE_GT
;__Lib_MathDouble.c,2091 :: 		
0x0217	0x2A4B      	GOTO       COMPARE_LT
;__Lib_MathDouble.c,2093 :: 		
COMPARE_NOTZERO:
;__Lib_MathDouble.c,2094 :: 		
0x0218	0x0872      	MOVF       R2, 0
;__Lib_MathDouble.c,2095 :: 		
0x0219	0x3980      	ANDLW      128
;__Lib_MathDouble.c,2096 :: 		
0x021A	0x00FA      	MOVWF      R10
;__Lib_MathDouble.c,2097 :: 		
0x021B	0x13F2      	BCF        R2, 7
;__Lib_MathDouble.c,2099 :: 		
0x021C	0x0876      	MOVF       R6, 0
;__Lib_MathDouble.c,2100 :: 		
0x021D	0x3980      	ANDLW      128
;__Lib_MathDouble.c,2101 :: 		
0x021E	0x13F6      	BCF        R6, 7
;__Lib_MathDouble.c,2103 :: 		
0x021F	0x067A      	XORWF      R10, 0
;__Lib_MathDouble.c,2104 :: 		
0x0220	0x1903      	BTFSC      STATUS, 2
;__Lib_MathDouble.c,2105 :: 		
0x0221	0x2A26      	GOTO       COMPARE_TESTALL
;__Lib_MathDouble.c,2107 :: 		
0x0222	0x087A      	MOVF       R10, 0
;__Lib_MathDouble.c,2108 :: 		
0x0223	0x1903      	BTFSC      STATUS, 2
;__Lib_MathDouble.c,2109 :: 		
0x0224	0x2A49      	GOTO       COMPARE_GT
;__Lib_MathDouble.c,2110 :: 		
0x0225	0x2A4B      	GOTO       COMPARE_LT
;__Lib_MathDouble.c,2112 :: 		
COMPARE_TESTALL:
;__Lib_MathDouble.c,2113 :: 		
0x0226	0x0877      	MOVF       R7, 0
;__Lib_MathDouble.c,2114 :: 		
0x0227	0x0273      	SUBWF      R3, 0
;__Lib_MathDouble.c,2115 :: 		
0x0228	0x1903      	BTFSC      STATUS, 2
;__Lib_MathDouble.c,2116 :: 		
0x0229	0x2A2D      	GOTO       COMPARE_C1
;__Lib_MathDouble.c,2117 :: 		
0x022A	0x1C03      	BTFSS      STATUS, 0
;__Lib_MathDouble.c,2118 :: 		
0x022B	0x2A41      	GOTO       GT_FALSE
;__Lib_MathDouble.c,2119 :: 		
0x022C	0x2A45      	GOTO       GT_TRUE
;__Lib_MathDouble.c,2120 :: 		
COMPARE_C1:
;__Lib_MathDouble.c,2121 :: 		
0x022D	0x0876      	MOVF       R6, 0
;__Lib_MathDouble.c,2122 :: 		
0x022E	0x0272      	SUBWF      R2, 0
;__Lib_MathDouble.c,2123 :: 		
0x022F	0x1903      	BTFSC      STATUS, 2
;__Lib_MathDouble.c,2124 :: 		
0x0230	0x2A34      	GOTO       COMPARE_C2
;__Lib_MathDouble.c,2125 :: 		
0x0231	0x1C03      	BTFSS      STATUS, 0
;__Lib_MathDouble.c,2126 :: 		
0x0232	0x2A41      	GOTO       GT_FALSE
;__Lib_MathDouble.c,2127 :: 		
0x0233	0x2A45      	GOTO       GT_TRUE
;__Lib_MathDouble.c,2128 :: 		
COMPARE_C2:
;__Lib_MathDouble.c,2129 :: 		
0x0234	0x0875      	MOVF       R5, 0
;__Lib_MathDouble.c,2130 :: 		
0x0235	0x0271      	SUBWF      R1, 0
;__Lib_MathDouble.c,2131 :: 		
0x0236	0x1903      	BTFSC      STATUS, 2
;__Lib_MathDouble.c,2132 :: 		
0x0237	0x2A3B      	GOTO       COMPARE_C3
;__Lib_MathDouble.c,2133 :: 		
0x0238	0x1C03      	BTFSS      STATUS, 0
;__Lib_MathDouble.c,2134 :: 		
0x0239	0x2A41      	GOTO       GT_FALSE
;__Lib_MathDouble.c,2135 :: 		
0x023A	0x2A45      	GOTO       GT_TRUE
;__Lib_MathDouble.c,2136 :: 		
COMPARE_C3:
;__Lib_MathDouble.c,2137 :: 		
0x023B	0x0874      	MOVF       R4, 0
;__Lib_MathDouble.c,2138 :: 		
0x023C	0x0270      	SUBWF      R0, 0
;__Lib_MathDouble.c,2139 :: 		
0x023D	0x1903      	BTFSC      STATUS, 2
;__Lib_MathDouble.c,2140 :: 		
0x023E	0x2A4D      	GOTO       COMPARE_EQU
;__Lib_MathDouble.c,2141 :: 		
0x023F	0x1803      	BTFSC      STATUS, 0
;__Lib_MathDouble.c,2142 :: 		
0x0240	0x2A45      	GOTO       GT_TRUE
;__Lib_MathDouble.c,2144 :: 		
GT_FALSE:
;__Lib_MathDouble.c,2145 :: 		
0x0241	0x08FA      	MOVF       R10, 1
;__Lib_MathDouble.c,2146 :: 		
0x0242	0x1903      	BTFSC      STATUS, 2
;__Lib_MathDouble.c,2147 :: 		
0x0243	0x2A4B      	GOTO       COMPARE_LT
;__Lib_MathDouble.c,2148 :: 		
0x0244	0x2A49      	GOTO       COMPARE_GT
;__Lib_MathDouble.c,2149 :: 		
GT_TRUE:
;__Lib_MathDouble.c,2150 :: 		
0x0245	0x08FA      	MOVF       R10, 1
;__Lib_MathDouble.c,2151 :: 		
0x0246	0x1903      	BTFSC      STATUS, 2
;__Lib_MathDouble.c,2152 :: 		
0x0247	0x2A49      	GOTO       COMPARE_GT
;__Lib_MathDouble.c,2153 :: 		
0x0248	0x2A4B      	GOTO       COMPARE_LT
;__Lib_MathDouble.c,2155 :: 		
COMPARE_GT:
;__Lib_MathDouble.c,2158 :: 		
0x0249	0x1403      	BSF        STATUS, 0
;__Lib_MathDouble.c,2159 :: 		
0x024A	0x0008      	RETURN
;__Lib_MathDouble.c,2160 :: 		
COMPARE_LT:
;__Lib_MathDouble.c,2163 :: 		
0x024B	0x1003      	BCF        STATUS, 0
;__Lib_MathDouble.c,2164 :: 		
0x024C	0x0008      	RETURN
;__Lib_MathDouble.c,2165 :: 		
COMPARE_EQU:
;__Lib_MathDouble.c,2168 :: 		
0x024D	0x1403      	BSF        STATUS, 0
;__Lib_MathDouble.c,2169 :: 		
0x024E	0x1503      	BSF        STATUS, 2
;__Lib_MathDouble.c,2170 :: 		
0x024F	0x0008      	RETURN
;__Lib_MathDouble.c,2172 :: 		
L_end_Compare_Double:
0x0250	0x0008      	RETURN
; end of _Compare_Double
_Lcd_Out:
;__Lib_Lcd.c,184 :: 		
;__Lib_Lcd.c,187 :: 		
0x0251	0x2A63      	GOTO       L_Lcd_Out11
;__Lib_Lcd.c,188 :: 		
L_Lcd_Out13:
0x0252	0x3080      	MOVLW      128
0x0253	0x1283      	BCF        STATUS, 5
0x0254	0x1303      	BCF        STATUS, 6
0x0255	0x00CC      	MOVWF      FARG_Lcd_Out_row
0x0256	0x2A76      	GOTO       L_Lcd_Out12
;__Lib_Lcd.c,189 :: 		
L_Lcd_Out14:
0x0257	0x30C0      	MOVLW      192
0x0258	0x00CC      	MOVWF      FARG_Lcd_Out_row
0x0259	0x2A76      	GOTO       L_Lcd_Out12
;__Lib_Lcd.c,190 :: 		
L_Lcd_Out15:
0x025A	0x3094      	MOVLW      148
0x025B	0x00CC      	MOVWF      FARG_Lcd_Out_row
0x025C	0x2A76      	GOTO       L_Lcd_Out12
;__Lib_Lcd.c,191 :: 		
L_Lcd_Out16:
0x025D	0x30D4      	MOVLW      212
0x025E	0x00CC      	MOVWF      FARG_Lcd_Out_row
0x025F	0x2A76      	GOTO       L_Lcd_Out12
;__Lib_Lcd.c,192 :: 		
L_Lcd_Out17:
0x0260	0x3080      	MOVLW      128
0x0261	0x00CC      	MOVWF      FARG_Lcd_Out_row
;__Lib_Lcd.c,193 :: 		
0x0262	0x2A76      	GOTO       L_Lcd_Out12
L_Lcd_Out11:
0x0263	0x1283      	BCF        STATUS, 5
0x0264	0x1303      	BCF        STATUS, 6
0x0265	0x084C      	MOVF       FARG_Lcd_Out_row, 0
0x0266	0x3A01      	XORLW      1
0x0267	0x1903      	BTFSC      STATUS, 2
0x0268	0x2A52      	GOTO       L_Lcd_Out13
0x0269	0x084C      	MOVF       FARG_Lcd_Out_row, 0
0x026A	0x3A02      	XORLW      2
0x026B	0x1903      	BTFSC      STATUS, 2
0x026C	0x2A57      	GOTO       L_Lcd_Out14
0x026D	0x084C      	MOVF       FARG_Lcd_Out_row, 0
0x026E	0x3A03      	XORLW      3
0x026F	0x1903      	BTFSC      STATUS, 2
0x0270	0x2A5A      	GOTO       L_Lcd_Out15
0x0271	0x084C      	MOVF       FARG_Lcd_Out_row, 0
0x0272	0x3A04      	XORLW      4
0x0273	0x1903      	BTFSC      STATUS, 2
0x0274	0x2A5D      	GOTO       L_Lcd_Out16
0x0275	0x2A60      	GOTO       L_Lcd_Out17
L_Lcd_Out12:
;__Lib_Lcd.c,194 :: 		
0x0276	0x034D      	DECF       FARG_Lcd_Out_column, 0
0x0277	0x00F0      	MOVWF      R0
0x0278	0x084C      	MOVF       FARG_Lcd_Out_row, 0
0x0279	0x07F0      	ADDWF      R0, 1
0x027A	0x0870      	MOVF       R0, 0
0x027B	0x00CC      	MOVWF      FARG_Lcd_Out_row
;__Lib_Lcd.c,196 :: 		
0x027C	0x0870      	MOVF       R0, 0
0x027D	0x00D1      	MOVWF      FARG_Lcd_Cmd_out_char
0x027E	0x213F      	CALL       _Lcd_Cmd
;__Lib_Lcd.c,197 :: 		
0x027F	0x1048      	BCF        __Lib_Lcd_cmd_status, BitPos(__Lib_Lcd_cmd_status+0)
;__Lib_Lcd.c,198 :: 		
0x0280	0x01CF      	CLRF       Lcd_Out_i_L0
;__Lib_Lcd.c,199 :: 		
L_Lcd_Out18:
0x0281	0x084F      	MOVF       Lcd_Out_i_L0, 0
0x0282	0x074E      	ADDWF      FARG_Lcd_Out_text, 0
0x0283	0x0084      	MOVWF      FSR
0x0284	0x0800      	MOVF       INDF, 0
0x0285	0x1903      	BTFSC      STATUS, 2
0x0286	0x2A8F      	GOTO       L_Lcd_Out19
;__Lib_Lcd.c,200 :: 		
0x0287	0x084F      	MOVF       Lcd_Out_i_L0, 0
0x0288	0x074E      	ADDWF      FARG_Lcd_Out_text, 0
0x0289	0x0084      	MOVWF      FSR
0x028A	0x0800      	MOVF       INDF, 0
0x028B	0x00D0      	MOVWF      FARG_Lcd_Chr_CP_out_char
0x028C	0x2192      	CALL       _Lcd_Chr_CP
0x028D	0x0ACF      	INCF       Lcd_Out_i_L0, 1
0x028E	0x2A81      	GOTO       L_Lcd_Out18
L_Lcd_Out19:
;__Lib_Lcd.c,201 :: 		
0x028F	0x1448      	BSF        __Lib_Lcd_cmd_status, BitPos(__Lib_Lcd_cmd_status+0)
;__Lib_Lcd.c,202 :: 		
L_end_Lcd_Out:
0x0290	0x0008      	RETURN
; end of _Lcd_Out
_Mul_32x32_FP:
;__Lib_MathDouble.c,610 :: 		
;__Lib_MathDouble.c,622 :: 		
;__Lib_MathDouble.c,624 :: 		
0x0291	0x1283      	BCF        STATUS, 5
;__Lib_MathDouble.c,625 :: 		
0x0292	0x1303      	BCF        STATUS, 6
;__Lib_MathDouble.c,627 :: 		
0x0293	0x01FB      	CLRF       R11
;__Lib_MathDouble.c,628 :: 		
0x0294	0x0873      	MOVF       R3, 0
;__Lib_MathDouble.c,629 :: 		
0x0295	0x1D03      	BTFSS      STATUS, 2
;__Lib_MathDouble.c,630 :: 		
0x0296	0x0877      	MOVF       R7, 0
;__Lib_MathDouble.c,631 :: 		
0x0297	0x1903      	BTFSC      STATUS, 2
;__Lib_MathDouble.c,632 :: 		
0x0298	0x2AE8      	GOTO       JPMRES032
;__Lib_MathDouble.c,634 :: 		
0x0299	0x0872      	MOVF       R2, 0
;__Lib_MathDouble.c,635 :: 		
0x029A	0x0676      	XORWF      R6, 0
;__Lib_MathDouble.c,636 :: 		
0x029B	0x00FA      	MOVWF      R10
;__Lib_MathDouble.c,637 :: 		
0x029C	0x0877      	MOVF       R7, 0
;__Lib_MathDouble.c,638 :: 		
0x029D	0x07F3      	ADDWF      R3, 1
;__Lib_MathDouble.c,639 :: 		
0x029E	0x307E      	MOVLW      126
;__Lib_MathDouble.c,640 :: 		
0x029F	0x1C03      	BTFSS      STATUS, 0
;__Lib_MathDouble.c,641 :: 		
0x02A0	0x2AA5      	GOTO       MTUN32
;__Lib_MathDouble.c,642 :: 		
0x02A1	0x02F3      	SUBWF      R3, 1
;__Lib_MathDouble.c,643 :: 		
0x02A2	0x1803      	BTFSC      STATUS, 0
;__Lib_MathDouble.c,644 :: 		
0x02A3	0x2AEB      	GOTO       JPMSETFOV32
;__Lib_MathDouble.c,645 :: 		
0x02A4	0x2AA8      	GOTO       MOK32
;__Lib_MathDouble.c,646 :: 		
MTUN32:
;__Lib_MathDouble.c,647 :: 		
0x02A5	0x02F3      	SUBWF      R3, 1
;__Lib_MathDouble.c,648 :: 		
0x02A6	0x1C03      	BTFSS      STATUS, 0
;__Lib_MathDouble.c,649 :: 		
0x02A7	0x2AEE      	GOTO       JPMSETFUN32
;__Lib_MathDouble.c,650 :: 		
MOK32:
;__Lib_MathDouble.c,651 :: 		
0x02A8	0x0872      	MOVF       R2, 0
;__Lib_MathDouble.c,652 :: 		
0x02A9	0x00F8      	MOVWF      R8
;__Lib_MathDouble.c,653 :: 		
0x02AA	0x0871      	MOVF       R1, 0
;__Lib_MathDouble.c,654 :: 		
0x02AB	0x00FC      	MOVWF      R12
;__Lib_MathDouble.c,655 :: 		
0x02AC	0x0870      	MOVF       R0, 0
;__Lib_MathDouble.c,656 :: 		
0x02AD	0x00FD      	MOVWF      R13
;__Lib_MathDouble.c,657 :: 		
0x02AE	0x17F8      	BSF        R8, 7
;__Lib_MathDouble.c,658 :: 		
0x02AF	0x17F6      	BSF        R6, 7
;__Lib_MathDouble.c,659 :: 		
0x02B0	0x1003      	BCF        STATUS, 0
;__Lib_MathDouble.c,660 :: 		
0x02B1	0x01F2      	CLRF       R2
;__Lib_MathDouble.c,661 :: 		
0x02B2	0x01F1      	CLRF       R1
;__Lib_MathDouble.c,662 :: 		
0x02B3	0x01F0      	CLRF       R0
;__Lib_MathDouble.c,663 :: 		
0x02B4	0x3018      	MOVLW      24
;__Lib_MathDouble.c,664 :: 		
0x02B5	0x00A0      	MOVWF      __math_tempbD
;__Lib_MathDouble.c,665 :: 		
MLOOP32:
;__Lib_MathDouble.c,666 :: 		
0x02B6	0x1C7D      	BTFSS      R13, 0
;__Lib_MathDouble.c,667 :: 		
0x02B7	0x2AC2      	GOTO       MNOADD32
;__Lib_MathDouble.c,669 :: 		
0x02B8	0x0874      	MOVF       R4, 0
;__Lib_MathDouble.c,670 :: 		
0x02B9	0x07F0      	ADDWF      R0, 1
;__Lib_MathDouble.c,671 :: 		
0x02BA	0x0875      	MOVF       R5, 0
;__Lib_MathDouble.c,672 :: 		
0x02BB	0x1803      	BTFSC      STATUS, 0
;__Lib_MathDouble.c,673 :: 		
0x02BC	0x0F75      	INCFSZ     R5, 0
;__Lib_MathDouble.c,674 :: 		
0x02BD	0x07F1      	ADDWF      R1, 1
;__Lib_MathDouble.c,675 :: 		
0x02BE	0x0876      	MOVF       R6, 0
;__Lib_MathDouble.c,676 :: 		
0x02BF	0x1803      	BTFSC      STATUS, 0
;__Lib_MathDouble.c,677 :: 		
0x02C0	0x0F76      	INCFSZ     R6, 0
;__Lib_MathDouble.c,678 :: 		
0x02C1	0x07F2      	ADDWF      R2, 1
;__Lib_MathDouble.c,679 :: 		
MNOADD32:
;__Lib_MathDouble.c,680 :: 		
0x02C2	0x0CF2      	RRF        R2, 1
;__Lib_MathDouble.c,681 :: 		
0x02C3	0x0CF1      	RRF        R1, 1
;__Lib_MathDouble.c,682 :: 		
0x02C4	0x0CF0      	RRF        R0, 1
;__Lib_MathDouble.c,683 :: 		
0x02C5	0x0CF8      	RRF        R8, 1
;__Lib_MathDouble.c,684 :: 		
0x02C6	0x0CFC      	RRF        R12, 1
;__Lib_MathDouble.c,685 :: 		
0x02C7	0x0CFD      	RRF        R13, 1
;__Lib_MathDouble.c,686 :: 		
0x02C8	0x1003      	BCF        STATUS, 0
;__Lib_MathDouble.c,687 :: 		
0x02C9	0x0BA0      	DECFSZ     __math_tempbD, 1
;__Lib_MathDouble.c,688 :: 		
0x02CA	0x2AB6      	GOTO       MLOOP32
;__Lib_MathDouble.c,689 :: 		
0x02CB	0x1BF2      	BTFSC      R2, 7
;__Lib_MathDouble.c,690 :: 		
0x02CC	0x2AD2      	GOTO       MROUND32
;__Lib_MathDouble.c,691 :: 		
0x02CD	0x0DF8      	RLF        R8, 1
;__Lib_MathDouble.c,692 :: 		
0x02CE	0x0DF0      	RLF        R0, 1
;__Lib_MathDouble.c,693 :: 		
0x02CF	0x0DF1      	RLF        R1, 1
;__Lib_MathDouble.c,694 :: 		
0x02D0	0x0DF2      	RLF        R2, 1
;__Lib_MathDouble.c,695 :: 		
0x02D1	0x03F3      	DECF       R3, 1
;__Lib_MathDouble.c,696 :: 		
MROUND32:
;__Lib_MathDouble.c,697 :: 		
0x02D2	0x1B7B      	BTFSC      R11, 6
;__Lib_MathDouble.c,698 :: 		
0x02D3	0x1C70      	BTFSS      R0, 0
;__Lib_MathDouble.c,699 :: 		
0x02D4	0x2AE4      	GOTO       MUL32OK
;__Lib_MathDouble.c,700 :: 		
0x02D5	0x1FF8      	BTFSS      R8, 7
;__Lib_MathDouble.c,701 :: 		
0x02D6	0x2AE4      	GOTO       MUL32OK
;__Lib_MathDouble.c,702 :: 		
0x02D7	0x0AF0      	INCF       R0, 1
;__Lib_MathDouble.c,703 :: 		
0x02D8	0x1903      	BTFSC      STATUS, 2
;__Lib_MathDouble.c,704 :: 		
0x02D9	0x0AF1      	INCF       R1, 1
;__Lib_MathDouble.c,705 :: 		
0x02DA	0x1903      	BTFSC      STATUS, 2
;__Lib_MathDouble.c,706 :: 		
0x02DB	0x0AF2      	INCF       R2, 1
;__Lib_MathDouble.c,707 :: 		
0x02DC	0x1D03      	BTFSS      STATUS, 2
;__Lib_MathDouble.c,708 :: 		
0x02DD	0x2AE4      	GOTO       MUL32OK
;__Lib_MathDouble.c,709 :: 		
0x02DE	0x0CF2      	RRF        R2, 1
;__Lib_MathDouble.c,710 :: 		
0x02DF	0x0CF1      	RRF        R1, 1
;__Lib_MathDouble.c,711 :: 		
0x02E0	0x0CF0      	RRF        R0, 1
;__Lib_MathDouble.c,712 :: 		
0x02E1	0x0AF3      	INCF       R3, 1
;__Lib_MathDouble.c,713 :: 		
0x02E2	0x1903      	BTFSC      STATUS, 2
;__Lib_MathDouble.c,714 :: 		
0x02E3	0x2AEB      	GOTO       JPMSETFOV32
;__Lib_MathDouble.c,715 :: 		
MUL32OK:
;__Lib_MathDouble.c,716 :: 		
0x02E4	0x1FFA      	BTFSS      R10, 7
;__Lib_MathDouble.c,717 :: 		
0x02E5	0x13F2      	BCF        R2, 7
;__Lib_MathDouble.c,718 :: 		
0x02E6	0x3000      	MOVLW      0
;__Lib_MathDouble.c,720 :: 		
0x02E7	0x2AF0      	GOTO       MUL32EEE
;__Lib_MathDouble.c,721 :: 		
JPMRES032:
;__Lib_MathDouble.c,722 :: 		
0x02E8	0x3001      	MOVLW      1
;__Lib_MathDouble.c,725 :: 		
0x02E9	0x2138      	CALL       _RES032
;__Lib_MathDouble.c,727 :: 		
0x02EA	0x2AF0      	GOTO       MUL32EEE
;__Lib_MathDouble.c,728 :: 		
JPMSETFOV32:
;__Lib_MathDouble.c,729 :: 		
0x02EB	0x3002      	MOVLW      2
;__Lib_MathDouble.c,732 :: 		
0x02EC	0x21D1      	CALL       _SETFOV32
;__Lib_MathDouble.c,734 :: 		
0x02ED	0x2AF0      	GOTO       MUL32EEE
;__Lib_MathDouble.c,735 :: 		
JPMSETFUN32:
;__Lib_MathDouble.c,736 :: 		
0x02EE	0x3004      	MOVLW      4
;__Lib_MathDouble.c,739 :: 		
0x02EF	0x217F      	CALL       _SETFUN32
;__Lib_MathDouble.c,741 :: 		
MUL32EEE:
;__Lib_MathDouble.c,742 :: 		
0x02F0	0x0000      	NOP
;__Lib_MathDouble.c,749 :: 		
L_end_Mul_32x32_FP:
0x02F1	0x0008      	RETURN
; end of _Mul_32x32_FP
___CC2DW:
;__Lib_System.c,134 :: 		
;__Lib_System.c,137 :: 		
_CC2D_Loop1:
;__Lib_System.c,139 :: 		
0x02F2	0x218B      	CALL       _____DoICP
0x02F3	0x118A      	BCF        PCLATH, 3
0x02F4	0x120A      	BCF        PCLATH, 4
;__Lib_System.c,141 :: 		
0x02F5	0x0080      	MOVWF      INDF
;__Lib_System.c,142 :: 		
0x02F6	0x0A84      	INCF       FSR, 1
;__Lib_System.c,143 :: 		
0x02F7	0x0AC4      	INCF       ___DoICPAddr, 1
;__Lib_System.c,145 :: 		
0x02F8	0x1903      	BTFSC      STATUS, 2
;__Lib_System.c,146 :: 		
0x02F9	0x0AC5      	INCF       ___DoICPAddr+1, 1
;__Lib_System.c,147 :: 		
0x02FA	0x03F0      	DECF       R0, 1
;__Lib_System.c,149 :: 		
0x02FB	0x1D03      	BTFSS      STATUS, 2
;__Lib_System.c,150 :: 		
0x02FC	0x2AF2      	GOTO       _CC2D_Loop1
;__Lib_System.c,152 :: 		
L_end___CC2DW:
0x02FD	0x0008      	RETURN
; end of ___CC2DW
_ADC_Init:
;__Lib_ADC_A_C.c,9 :: 		
;__Lib_ADC_A_C.c,10 :: 		
0x02FE	0x30FF      	MOVLW      _ADC_Get_Sample
0x02FF	0x1283      	BCF        STATUS, 5
0x0300	0x1303      	BCF        STATUS, 6
0x0301	0x00C9      	MOVWF      _ADC_Get_Sample_Ptr
0x0302	0x30FF      	MOVLW      hi_addr(_ADC_Get_Sample)
0x0303	0x00CA      	MOVWF      _ADC_Get_Sample_Ptr+1
0x0304	0x30FF      	MOVLW      FARG_ADC_Get_Sample_channel
0x0305	0x00CB      	MOVWF      _ADC_Get_Sample_Ptr+2
0x0306	0x30FF      	MOVLW      hi_addr(FARG_ADC_Get_Sample_channel)
;__Lib_ADC_A_C.c,12 :: 		
0x0307	0x019F      	CLRF       ADCON0
;__Lib_ADC_A_C.c,13 :: 		
0x0308	0x30C0      	MOVLW      192
0x0309	0x049F      	IORWF      ADCON0, 1
;__Lib_ADC_A_C.c,14 :: 		
0x030A	0x1683      	BSF        STATUS, 5
0x030B	0x171F      	BSF        ADCON1, 6
;__Lib_ADC_A_C.c,15 :: 		
0x030C	0x179F      	BSF        ADCON1, 7
;__Lib_ADC_A_C.c,18 :: 		
0x030D	0x1283      	BCF        STATUS, 5
0x030E	0x141F      	BSF        ADCON0, 0
;__Lib_ADC_A_C.c,19 :: 		
L_end_ADC_Init:
0x030F	0x0008      	RETURN
; end of _ADC_Init
_word2double:
;__Lib_MathDouble.c,1862 :: 		
;__Lib_MathDouble.c,1868 :: 		
0x0310	0x1283      	BCF        STATUS, 5
;__Lib_MathDouble.c,1869 :: 		
0x0311	0x1303      	BCF        STATUS, 6
;__Lib_MathDouble.c,1870 :: 		
0x0312	0x0870      	MOVF       R0, 0
;__Lib_MathDouble.c,1871 :: 		
0x0313	0x00F8      	MOVWF      R8
;__Lib_MathDouble.c,1872 :: 		
0x0314	0x0871      	MOVF       R1, 0
;__Lib_MathDouble.c,1873 :: 		
0x0315	0x00F0      	MOVWF      R0
;__Lib_MathDouble.c,1874 :: 		
0x0316	0x01F1      	CLRF       R1
;__Lib_MathDouble.c,1875 :: 		
0x0317	0x01F2      	CLRF       R2
;__Lib_MathDouble.c,1876 :: 		
0x0318	0x01F3      	CLRF       R3
;__Lib_MathDouble.c,1879 :: 		
0x0319	0x01FB      	CLRF       R11
;__Lib_MathDouble.c,1880 :: 		
0x031A	0x01FC      	CLRF       R12
;__Lib_MathDouble.c,1882 :: 		
0x031B	0x3096      	MOVLW      150
;__Lib_MathDouble.c,1883 :: 		
0x031C	0x00F3      	MOVWF      R3
;__Lib_MathDouble.c,1884 :: 		
0x031D	0x01FA      	CLRF       R10
;__Lib_MathDouble.c,1886 :: 		
0x031E	0x0870      	MOVF       R0, 0
;__Lib_MathDouble.c,1887 :: 		
0x031F	0x00F1      	MOVWF      R1
;__Lib_MathDouble.c,1888 :: 		
0x0320	0x0878      	MOVF       R8, 0
;__Lib_MathDouble.c,1889 :: 		
0x0321	0x00F0      	MOVWF      R0
;__Lib_MathDouble.c,1890 :: 		
0x0322	0x01F8      	CLRF       R8
;__Lib_MathDouble.c,1891 :: 		
0x0323	0x01F2      	CLRF       R2
;__Lib_MathDouble.c,1893 :: 		
0x0324	0x219A      	CALL       _NRM3232
;__Lib_MathDouble.c,1894 :: 		
L_end_word2double:
0x0325	0x0008      	RETURN
; end of _word2double
_Lcd_Init:
;__Lib_Lcd.c,84 :: 		
;__Lib_Lcd.c,86 :: 		
0x0326	0x1683      	BSF        STATUS, 5
0x0327	0x1303      	BCF        STATUS, 6
0x0328	0x1107      	BCF        LCD_EN_Direction, BitPos(LCD_EN_Direction+0)
;__Lib_Lcd.c,87 :: 		
0x0329	0x1007      	BCF        LCD_RS_Direction, BitPos(LCD_RS_Direction+0)
;__Lib_Lcd.c,88 :: 		
0x032A	0x1208      	BCF        LCD_D4_Direction, BitPos(LCD_D4_Direction+0)
;__Lib_Lcd.c,89 :: 		
0x032B	0x1288      	BCF        LCD_D5_Direction, BitPos(LCD_D5_Direction+0)
;__Lib_Lcd.c,90 :: 		
0x032C	0x1308      	BCF        LCD_D6_Direction, BitPos(LCD_D6_Direction+0)
;__Lib_Lcd.c,91 :: 		
0x032D	0x1388      	BCF        LCD_D7_Direction, BitPos(LCD_D7_Direction+0)
;__Lib_Lcd.c,93 :: 		
0x032E	0x1283      	BCF        STATUS, 5
0x032F	0x1107      	BCF        LCD_EN, BitPos(LCD_EN+0)
;__Lib_Lcd.c,94 :: 		
0x0330	0x1007      	BCF        LCD_RS, BitPos(LCD_RS+0)
;__Lib_Lcd.c,95 :: 		
0x0331	0x1388      	BCF        LCD_D7, BitPos(LCD_D7+0)
;__Lib_Lcd.c,96 :: 		
0x0332	0x1308      	BCF        LCD_D6, BitPos(LCD_D6+0)
;__Lib_Lcd.c,97 :: 		
0x0333	0x1288      	BCF        LCD_D5, BitPos(LCD_D5+0)
;__Lib_Lcd.c,98 :: 		
0x0334	0x1208      	BCF        LCD_D4, BitPos(LCD_D4+0)
;__Lib_Lcd.c,100 :: 		
0x0335	0x2124      	CALL       _Delay_5500us
;__Lib_Lcd.c,101 :: 		
0x0336	0x2124      	CALL       _Delay_5500us
;__Lib_Lcd.c,102 :: 		
0x0337	0x2124      	CALL       _Delay_5500us
;__Lib_Lcd.c,105 :: 		
0x0338	0x1688      	BSF        LCD_D5, BitPos(LCD_D5+0)
;__Lib_Lcd.c,106 :: 		
0x0339	0x1608      	BSF        LCD_D4, BitPos(LCD_D4+0)
;__Lib_Lcd.c,107 :: 		
0x033A	0x1507      	BSF        LCD_EN, BitPos(LCD_EN+0)
;__Lib_Lcd.c,108 :: 		
0x033B	0x2131      	CALL       _Delay_1us
;__Lib_Lcd.c,109 :: 		
0x033C	0x1107      	BCF        LCD_EN, BitPos(LCD_EN+0)
;__Lib_Lcd.c,110 :: 		
0x033D	0x2124      	CALL       _Delay_5500us
;__Lib_Lcd.c,112 :: 		
0x033E	0x1507      	BSF        LCD_EN, BitPos(LCD_EN+0)
;__Lib_Lcd.c,113 :: 		
0x033F	0x2131      	CALL       _Delay_1us
;__Lib_Lcd.c,114 :: 		
0x0340	0x1107      	BCF        LCD_EN, BitPos(LCD_EN+0)
;__Lib_Lcd.c,115 :: 		
0x0341	0x2124      	CALL       _Delay_5500us
;__Lib_Lcd.c,117 :: 		
0x0342	0x1507      	BSF        LCD_EN, BitPos(LCD_EN+0)
;__Lib_Lcd.c,118 :: 		
0x0343	0x2131      	CALL       _Delay_1us
;__Lib_Lcd.c,119 :: 		
0x0344	0x1107      	BCF        LCD_EN, BitPos(LCD_EN+0)
;__Lib_Lcd.c,120 :: 		
0x0345	0x2124      	CALL       _Delay_5500us
;__Lib_Lcd.c,123 :: 		
0x0346	0x1208      	BCF        LCD_D4, BitPos(LCD_D4+0)
;__Lib_Lcd.c,124 :: 		
0x0347	0x1507      	BSF        LCD_EN, BitPos(LCD_EN+0)
;__Lib_Lcd.c,125 :: 		
0x0348	0x2131      	CALL       _Delay_1us
;__Lib_Lcd.c,126 :: 		
0x0349	0x1107      	BCF        LCD_EN, BitPos(LCD_EN+0)
;__Lib_Lcd.c,127 :: 		
0x034A	0x2124      	CALL       _Delay_5500us
;__Lib_Lcd.c,130 :: 		
0x034B	0x1507      	BSF        LCD_EN, BitPos(LCD_EN+0)
;__Lib_Lcd.c,131 :: 		
0x034C	0x2131      	CALL       _Delay_1us
;__Lib_Lcd.c,132 :: 		
0x034D	0x1107      	BCF        LCD_EN, BitPos(LCD_EN+0)
;__Lib_Lcd.c,134 :: 		
0x034E	0x1288      	BCF        LCD_D5, BitPos(LCD_D5+0)
;__Lib_Lcd.c,135 :: 		
0x034F	0x1788      	BSF        LCD_D7, BitPos(LCD_D7+0)
;__Lib_Lcd.c,136 :: 		
0x0350	0x1507      	BSF        LCD_EN, BitPos(LCD_EN+0)
;__Lib_Lcd.c,137 :: 		
0x0351	0x2131      	CALL       _Delay_1us
;__Lib_Lcd.c,138 :: 		
0x0352	0x1107      	BCF        LCD_EN, BitPos(LCD_EN+0)
;__Lib_Lcd.c,139 :: 		
0x0353	0x2124      	CALL       _Delay_5500us
;__Lib_Lcd.c,142 :: 		
0x0354	0x1388      	BCF        LCD_D7, BitPos(LCD_D7+0)
;__Lib_Lcd.c,143 :: 		
0x0355	0x1608      	BSF        LCD_D4, BitPos(LCD_D4+0)
;__Lib_Lcd.c,144 :: 		
0x0356	0x1507      	BSF        LCD_EN, BitPos(LCD_EN+0)
;__Lib_Lcd.c,145 :: 		
0x0357	0x2131      	CALL       _Delay_1us
;__Lib_Lcd.c,146 :: 		
0x0358	0x1107      	BCF        LCD_EN, BitPos(LCD_EN+0)
;__Lib_Lcd.c,148 :: 		
0x0359	0x1208      	BCF        LCD_D4, BitPos(LCD_D4+0)
;__Lib_Lcd.c,149 :: 		
0x035A	0x1507      	BSF        LCD_EN, BitPos(LCD_EN+0)
;__Lib_Lcd.c,150 :: 		
0x035B	0x2131      	CALL       _Delay_1us
;__Lib_Lcd.c,151 :: 		
0x035C	0x1107      	BCF        LCD_EN, BitPos(LCD_EN+0)
;__Lib_Lcd.c,152 :: 		
0x035D	0x2124      	CALL       _Delay_5500us
;__Lib_Lcd.c,155 :: 		
0x035E	0x1507      	BSF        LCD_EN, BitPos(LCD_EN+0)
;__Lib_Lcd.c,156 :: 		
0x035F	0x2131      	CALL       _Delay_1us
;__Lib_Lcd.c,157 :: 		
0x0360	0x1107      	BCF        LCD_EN, BitPos(LCD_EN+0)
;__Lib_Lcd.c,159 :: 		
0x0361	0x1608      	BSF        LCD_D4, BitPos(LCD_D4+0)
;__Lib_Lcd.c,160 :: 		
0x0362	0x1507      	BSF        LCD_EN, BitPos(LCD_EN+0)
;__Lib_Lcd.c,161 :: 		
0x0363	0x2131      	CALL       _Delay_1us
;__Lib_Lcd.c,162 :: 		
0x0364	0x1107      	BCF        LCD_EN, BitPos(LCD_EN+0)
;__Lib_Lcd.c,163 :: 		
0x0365	0x2124      	CALL       _Delay_5500us
;__Lib_Lcd.c,166 :: 		
0x0366	0x1208      	BCF        LCD_D4, BitPos(LCD_D4+0)
;__Lib_Lcd.c,167 :: 		
0x0367	0x1507      	BSF        LCD_EN, BitPos(LCD_EN+0)
;__Lib_Lcd.c,168 :: 		
0x0368	0x2131      	CALL       _Delay_1us
;__Lib_Lcd.c,169 :: 		
0x0369	0x1107      	BCF        LCD_EN, BitPos(LCD_EN+0)
;__Lib_Lcd.c,171 :: 		
0x036A	0x1788      	BSF        LCD_D7, BitPos(LCD_D7+0)
;__Lib_Lcd.c,172 :: 		
0x036B	0x1708      	BSF        LCD_D6, BitPos(LCD_D6+0)
;__Lib_Lcd.c,173 :: 		
0x036C	0x1688      	BSF        LCD_D5, BitPos(LCD_D5+0)
;__Lib_Lcd.c,174 :: 		
0x036D	0x1608      	BSF        LCD_D4, BitPos(LCD_D4+0)
;__Lib_Lcd.c,175 :: 		
0x036E	0x1507      	BSF        LCD_EN, BitPos(LCD_EN+0)
;__Lib_Lcd.c,176 :: 		
0x036F	0x2131      	CALL       _Delay_1us
;__Lib_Lcd.c,177 :: 		
0x0370	0x1107      	BCF        LCD_EN, BitPos(LCD_EN+0)
;__Lib_Lcd.c,179 :: 		
0x0371	0x2124      	CALL       _Delay_5500us
;__Lib_Lcd.c,181 :: 		
0x0372	0x1448      	BSF        __Lib_Lcd_cmd_status, BitPos(__Lib_Lcd_cmd_status+0)
;__Lib_Lcd.c,182 :: 		
L_end_Lcd_Init:
0x0373	0x0008      	RETURN
; end of _Lcd_Init
_repos:
;Projet.c,92 :: 		void repos() {
;Projet.c,94 :: 		LED_R = 0;
0x0374	0x1283      	BCF        STATUS, 5
0x0375	0x1303      	BCF        STATUS, 6
0x0376	0x1187      	BCF        RC3_bit, BitPos(RC3_bit+0)
;Projet.c,95 :: 		LED_B = 0;
0x0377	0x1207      	BCF        RC4_bit, BitPos(RC4_bit+0)
;Projet.c,96 :: 		LED_J = 0;
0x0378	0x1287      	BCF        RC5_bit, BitPos(RC5_bit+0)
;Projet.c,97 :: 		LED_AC = 0;
0x0379	0x1387      	BCF        RC7_bit, BitPos(RC7_bit+0)
;Projet.c,98 :: 		MOTOR = 0;
0x037A	0x1307      	BCF        RC6_bit, BitPos(RC6_bit+0)
;Projet.c,101 :: 		INTCON = 0b11011000; // GIE, PEIE, INTE, RBIE enabled
0x037B	0x30D8      	MOVLW      216
0x037C	0x008B      	MOVWF      INTCON
;Projet.c,102 :: 		OPTION_REG = 0b01000000; // Interruption sur front montant (RB0)
0x037D	0x3040      	MOVLW      64
0x037E	0x1683      	BSF        STATUS, 5
0x037F	0x0081      	MOVWF      OPTION_REG
;Projet.c,105 :: 		NB = 152;
0x0380	0x3098      	MOVLW      152
0x0381	0x1283      	BCF        STATUS, 5
0x0382	0x00AA      	MOVWF      _NB
0x0383	0x01AB      	CLRF       _NB+1
;Projet.c,106 :: 		TMR0 = 0;
0x0384	0x0181      	CLRF       TMR0
;Projet.c,107 :: 		}
L_end_repos:
0x0385	0x0008      	RETURN
; end of _repos
_main:
0x0386	0x1283      	BCF        STATUS, 5
0x0387	0x1303      	BCF        STATUS, 6
0x0388	0x01A4      	CLRF       _i
0x0389	0x01A5      	CLRF       37
0x038A	0x01A6      	CLRF       _heart_rate
0x038B	0x01A7      	CLRF       39
0x038C	0x01A8      	CLRF       40
0x038D	0x01A9      	CLRF       41
0x038E	0x01AA      	CLRF       _NB
0x038F	0x01AB      	CLRF       43
0x0390	0x01AC      	CLRF       _treadmill_distance
0x0391	0x01AD      	CLRF       45
0x0392	0x01AE      	CLRF       46
0x0393	0x01AF      	CLRF       47
0x0394	0x3042      	MOVLW      66
0x0395	0x00B0      	MOVWF      ?lstr2_Projet
0x0396	0x3052      	MOVLW      82
0x0397	0x00B1      	MOVWF      49
0x0398	0x3041      	MOVLW      65
0x0399	0x00B2      	MOVWF      50
0x039A	0x3056      	MOVLW      86
0x039B	0x00B3      	MOVWF      51
0x039C	0x304F      	MOVLW      79
0x039D	0x00B4      	MOVWF      52
0x039E	0x3021      	MOVLW      33
0x039F	0x00B5      	MOVWF      53
0x03A0	0x01B6      	CLRF       54
0x03A1	0x01B7      	CLRF       _NB_Adherent
0x03A2	0x01B8      	CLRF       56
0x03A3	0x3042      	MOVLW      66
0x03A4	0x00B9      	MOVWF      ?lstr1_Projet
0x03A5	0x3069      	MOVLW      105
0x03A6	0x00BA      	MOVWF      58
0x03A7	0x3065      	MOVLW      101
0x03A8	0x00BB      	MOVWF      59
0x03A9	0x306E      	MOVLW      110
0x03AA	0x00BC      	MOVWF      60
0x03AB	0x3076      	MOVLW      118
0x03AC	0x00BD      	MOVWF      61
0x03AD	0x3065      	MOVLW      101
0x03AE	0x00BE      	MOVWF      62
0x03AF	0x306E      	MOVLW      110
0x03B0	0x00BF      	MOVWF      63
0x03B1	0x3075      	MOVLW      117
0x03B2	0x00C0      	MOVWF      64
0x03B3	0x3065      	MOVLW      101
0x03B4	0x00C1      	MOVWF      65
0x03B5	0x3021      	MOVLW      33
0x03B6	0x00C2      	MOVWF      66
0x03B7	0x01C3      	CLRF       67
;Projet.c,190 :: 		void main() {
;Projet.c,192 :: 		LED_R_Direction = 0;
0x03B8	0x1683      	BSF        STATUS, 5
0x03B9	0x1187      	BCF        TRISC3_bit, BitPos(TRISC3_bit+0)
;Projet.c,193 :: 		LED_B_Direction = 0;
0x03BA	0x1207      	BCF        TRISC4_bit, BitPos(TRISC4_bit+0)
;Projet.c,194 :: 		LED_J_Direction = 0;
0x03BB	0x1287      	BCF        TRISC5_bit, BitPos(TRISC5_bit+0)
;Projet.c,195 :: 		LED_AC_Direction = 0;
0x03BC	0x1387      	BCF        TRISC7_bit, BitPos(TRISC7_bit+0)
;Projet.c,196 :: 		MOTOR_Direction = 0;
0x03BD	0x1307      	BCF        TRISC6_bit, BitPos(TRISC6_bit+0)
;Projet.c,197 :: 		LCD_RS_Direction = 0;
0x03BE	0x1007      	BCF        TRISC0_bit, BitPos(TRISC0_bit+0)
;Projet.c,198 :: 		LCD_EN_Direction = 0;
0x03BF	0x1107      	BCF        TRISC2_bit, BitPos(TRISC2_bit+0)
;Projet.c,199 :: 		LCD_D4_Direction = 0;
0x03C0	0x1208      	BCF        TRISD4_bit, BitPos(TRISD4_bit+0)
;Projet.c,200 :: 		LCD_D5_Direction = 0;
0x03C1	0x1288      	BCF        TRISD5_bit, BitPos(TRISD5_bit+0)
;Projet.c,201 :: 		LCD_D6_Direction = 0;
0x03C2	0x1308      	BCF        TRISD6_bit, BitPos(TRISD6_bit+0)
;Projet.c,202 :: 		LCD_D7_Direction = 0;
0x03C3	0x1388      	BCF        TRISD7_bit, BitPos(TRISD7_bit+0)
;Projet.c,205 :: 		Lcd_Init();
0x03C4	0x2326      	CALL       _Lcd_Init
;Projet.c,210 :: 		ADC_Init();
0x03C5	0x22FE      	CALL       _ADC_Init
;Projet.c,212 :: 		repos();
0x03C6	0x2374      	CALL       _repos
;Projet.c,214 :: 		while (1) {
L_main22:
;Projet.c,244 :: 		}
0x03C7	0x2BC7      	GOTO       L_main22
;Projet.c,245 :: 		}
L_end_main:
0x03C8	0x2BC8      	GOTO       $+0
; end of _main
Symbol List:
//** Routines locations **
//ADDRESS    SIZE    PROCEDURE
//----------------------------------------------
0x0004     [281]    _interrupt
0x011D       [7]    _Delay_50us
0x0124      [13]    _Delay_5500us
0x0131       [3]    _Delay_1us
0x0134       [4]    _FIXSIGN32
0x0138       [7]    _RES032
0x013F      [64]    _Lcd_Cmd
0x017F      [12]    _SETFUN32
0x018B       [7]    _____DoICP
0x0192       [8]    _Lcd_Chr_CP
0x019A      [47]    _NRM3232
0x01C9       [8]    _Delay_22us
0x01D1      [12]    _SETFOV32
0x01DD      [36]    _ADC_Read
0x0201      [80]    _Compare_Double
0x0251      [64]    _Lcd_Out
0x0291      [97]    _Mul_32x32_FP
0x02F2      [12]    ___CC2DW
0x02FE      [18]    _ADC_Init
0x0310      [22]    _word2double
0x0326      [78]    _Lcd_Init
0x0374      [18]    _repos
0x0386      [67]    _main
//** Variables locations ** 
//ADDRESS    SIZE    VARIABLE
//----------------------------------------------
0x0000       [1]    INDF
0x0001       [1]    TMR0
0x0002       [1]    PCL
0x0003       [1]    STATUS
0x0004       [1]    FSR
0x0006       [0]    TREADMILL1_MOTION
0x0006       [0]    RB4_bit
0x0006       [0]    RB6_bit
0x0006       [0]    RB5_bit
0x0006       [0]    TREADMILL3_MOTION
0x0006       [0]    TREADMILL2_MOTION
0x0007       [0]    LED_R
0x0007       [0]    RC6_bit
0x0007       [0]    RC5_bit
0x0007       [0]    RC7_bit
0x0007       [0]    MOTOR
0x0007       [0]    LED_B
0x0007       [0]    LCD_EN
0x0007       [0]    RC0_bit
0x0007       [0]    RC2_bit
0x0007       [0]    RC4_bit
0x0007       [0]    LCD_RS
0x0007       [0]    RC3_bit
0x0007       [0]    LED_AC
0x0007       [0]    LED_J
0x0008       [0]    LCD_D5
0x0008       [0]    RD4_bit
0x0008       [0]    RD5_bit
0x0008       [0]    RD6_bit
0x0008       [0]    LCD_D7
0x0008       [0]    LCD_D4
0x0008       [0]    LCD_D6
0x0008       [0]    RD7_bit
0x000A       [1]    PCLATH
0x000B       [1]    INTCON
0x000B       [0]    INTF_bit
0x000B       [0]    RBIF_bit
0x001E       [1]    ADRESH
0x001F       [1]    ADCON0
0x0020       [1]    __math_tempbD
0x0024       [2]    _i
0x0026       [4]    _heart_rate
0x002A       [2]    _NB
0x002C       [4]    _treadmill_distance
0x0030       [7]    ?lstr2_Projet
0x0037       [2]    _NB_Adherent
0x0039      [11]    ?lstr1_Projet
0x0044       [2]    ___DoICPAddr
0x0046       [1]    ___savePCLATH
0x0047       [1]    ___saveSTATUS
0x0048       [0]    __Lib_Lcd_cmd_status
0x0049       [3]    _ADC_Get_Sample_Ptr
0x004C       [1]    FARG_Lcd_Out_row
0x004C       [1]    FARG_ADC_Read_channel
0x004D       [1]    FARG_Lcd_Out_column
0x004E       [1]    FARG_Lcd_Out_text
0x004F       [1]    Lcd_Out_i_L0
0x0050       [1]    FARG_Lcd_Chr_CP_out_char
0x0051       [1]    FARG_Lcd_Cmd_out_char
0x0070       [1]    R0
0x0071       [1]    R1
0x0072       [1]    R2
0x0073       [1]    R3
0x0074       [1]    R4
0x0075       [1]    R5
0x0076       [1]    R6
0x0077       [1]    R7
0x0078       [1]    R8
0x0079       [1]    R9
0x007A       [1]    R10
0x007B       [1]    R11
0x007C       [1]    R12
0x007D       [1]    R13
0x007E       [1]    R14
0x007F       [1]    R15
0x0081       [1]    OPTION_REG
0x0087       [0]    TRISC2_bit
0x0087       [0]    LED_J_Direction
0x0087       [0]    LED_AC_Direction
0x0087       [0]    TRISC3_bit
0x0087       [0]    LED_R_Direction
0x0087       [0]    LED_B_Direction
0x0087       [0]    TRISC4_bit
0x0087       [0]    MOTOR_Direction
0x0087       [0]    TRISC7_bit
0x0087       [0]    TRISC6_bit
0x0087       [0]    TRISC5_bit
0x0087       [0]    LCD_EN_Direction
0x0087       [0]    TRISC0_bit
0x0087       [0]    LCD_RS_Direction
0x0088       [0]    TRISD4_bit
0x0088       [0]    TRISD5_bit
0x0088       [0]    LCD_D6_Direction
0x0088       [0]    LCD_D5_Direction
0x0088       [0]    LCD_D4_Direction
0x0088       [0]    TRISD7_bit
0x0088       [0]    TRISD6_bit
0x0088       [0]    LCD_D7_Direction
0x009E       [1]    ADRESL
0x009F       [1]    ADCON1
//** Label List: ** 
//----------------------------------------------
  L_interrupt0
  L_interrupt1
  L_interrupt2
  L_interrupt3
  L_interrupt4
  L_interrupt5
  L_interrupt6
  L_interrupt7
  L_interrupt8
  L_interrupt9
  L_interrupt10
  L_interrupt11
  L_interrupt12
  L_interrupt13
  L_interrupt14
  L_interrupt15
  L_interrupt16
  L_interrupt17
  L_interrupt18
  L_interrupt19
  L_interrupt20
  L_interrupt21
  L_main22
  L_main23
  L_end_repos
  _repos
  L_end_interrupt
  _interrupt
  L__interrupt26
  L__interrupt27
  L__interrupt28
  L__interrupt29
  L_end_main
  _main
  L_ADC_Get_Sample0
  L_ADC_Get_Sample1
  L_ADC_Read2
  L_ADC_Read3
  L_end_ADC_Init
  _ADC_Init
  L_end_ADC_Get_Sample
  _ADC_Get_Sample
  L_end_ADC_Read
  _ADC_Read
  L_Delay_10us0
  L_Delay_22us1
  L_Delay_50us2
  L_Delay_80us3
  L_Delay_500us4
  L_Delay_5500us5
  L_Delay_1ms6
  L_Delay_5ms7
  L_Delay_8ms8
  L_Delay_10ms9
  L_Delay_100ms10
  L_Delay_1sec11
  L_boot16_Delay_5ms12
  L_Delay_Cyc13
  L_Delay_Cyc14
  L_VDelay_ms15
  L_VDelay_ms16
  L_VDelay_ms17
  L_VDelay_Advanced_ms18
  L_VDelay_Advanced_ms19
  L_VDelay_Advanced_ms20
  L_end_Get_Fosc_kHz
  _Get_Fosc_kHz
  L_end_Delay_1us
  _Delay_1us
  L_end_Delay_10us
  _Delay_10us
  L_end_Delay_22us
  _Delay_22us
  L_end_Delay_50us
  _Delay_50us
  L_end_Delay_80us
  _Delay_80us
  L_end_Delay_500us
  _Delay_500us
  L_end_Delay_5500us
  _Delay_5500us
  L_end_Delay_1ms
  _Delay_1ms
  L_end_Delay_5ms
  _Delay_5ms
  L_end_Delay_8ms
  _Delay_8ms
  L_end_Delay_10ms
  _Delay_10ms
  L_end_Delay_100ms
  _Delay_100ms
  L_end_Delay_1sec
  _Delay_1sec
  L_end_boot16_Delay_5ms
  _boot16_Delay_5ms
  L_end_Delay_Cyc
  _Delay_Cyc
  L_end_VDelay_ms
  _VDelay_ms
  L__VDelay_ms38
  L__VDelay_ms39
  L__VDelay_ms40
  L_end_VDelay_Advanced_ms
  _VDelay_Advanced_ms
  L__VDelay_Advanced_ms42
  L__VDelay_Advanced_ms43
  L__VDelay_Advanced_ms44
  L_Lcd_Cmd0
  L_Lcd_Cmd1
  L_Lcd_Out_CP2
  L_Lcd_Out_CP3
  L_Lcd_Chr4
  L_Lcd_Chr5
  L_Lcd_Chr6
  L_Lcd_Chr7
  L_Lcd_Chr8
  L_Lcd_Chr9
  L_Lcd_Chr10
  L_Lcd_Out11
  L_Lcd_Out12
  L_Lcd_Out13
  L_Lcd_Out14
  L_Lcd_Out15
  L_Lcd_Out16
  L_Lcd_Out17
  L_Lcd_Out18
  L_Lcd_Out19
  L_end_Lcd_Cmd
  _Lcd_Cmd
  L__Lcd_Cmd21
  L__Lcd_Cmd22
  L__Lcd_Cmd23
  L__Lcd_Cmd24
  L__Lcd_Cmd25
  L__Lcd_Cmd26
  L__Lcd_Cmd27
  L__Lcd_Cmd28
  L__Lcd_Cmd29
  L__Lcd_Cmd30
  L__Lcd_Cmd31
  L__Lcd_Cmd32
  L__Lcd_Cmd33
  L__Lcd_Cmd34
  L__Lcd_Cmd35
  L__Lcd_Cmd36
  L__Lcd_Cmd37
  L__Lcd_Cmd38
  L__Lcd_Cmd39
  L__Lcd_Cmd40
  L_end_Lcd_Chr_CP
  _Lcd_Chr_CP
  L_end_Lcd_Out_CP
  _Lcd_Out_CP
  L_end_Lcd_Chr
  _Lcd_Chr
  L_end_Lcd_Init
  _Lcd_Init
  L_end_Lcd_Out
  _Lcd_Out
  L_loopCA2AWs
  L_CA2AWend
  _CCA2AW_Loop1
  L_loopCS2Ss
  L_CS2Send
  _CCS2S_Loop1
  L_CCS2Send
  L_loopFZinSWs
  L_FZinSend
  _CC2D_Loop1
  L_end_____DoICP
  _____DoICP
  L_end_____DoIFC
  _____DoIFC
  L_end___CA2AW
  ___CA2AW
  L_end___CCA2AW
  ___CCA2AW
  L_end___CS2S
  ___CS2S
  L_end___CCS2S
  ___CCS2S
  L_end___FZinS
  ___FZinS
  L_end___CC2DW
  ___CC2DW
  L_end_Swap
  _Swap
  L_interrupt0
  L_interrupt1
  L_interrupt2
  L_interrupt3
  L_interrupt4
  L_interrupt5
  L_interrupt6
  L_interrupt7
  L_interrupt8
  L_interrupt9
  L_interrupt10
  L_interrupt11
  L_interrupt12
  L_interrupt13
  L_interrupt14
  L_interrupt15
  L_interrupt16
  L_interrupt17
  L_interrupt18
  L_interrupt19
  L_interrupt20
  L_interrupt21
  L_main22
  L_main23
  L_end_repos
  _repos
  L_end_interrupt
  _interrupt
  L__interrupt26
  L__interrupt27
  L__interrupt28
  L__interrupt29
  L_end_main
  _main
  L_ADC_Get_Sample0
  L_ADC_Get_Sample1
  L_ADC_Read2
  L_ADC_Read3
  L_end_ADC_Init
  _ADC_Init
  L_end_ADC_Get_Sample
  _ADC_Get_Sample
  L_end_ADC_Read
  _ADC_Read
  L_Delay_10us0
  L_Delay_22us1
  L_Delay_50us2
  L_Delay_80us3
  L_Delay_500us4
  L_Delay_5500us5
  L_Delay_1ms6
  L_Delay_5ms7
  L_Delay_8ms8
  L_Delay_10ms9
  L_Delay_100ms10
  L_Delay_1sec11
  L_boot16_Delay_5ms12
  L_Delay_Cyc13
  L_Delay_Cyc14
  L_VDelay_ms15
  L_VDelay_ms16
  L_VDelay_ms17
  L_VDelay_Advanced_ms18
  L_VDelay_Advanced_ms19
  L_VDelay_Advanced_ms20
  L_end_Get_Fosc_kHz
  _Get_Fosc_kHz
  L_end_Delay_1us
  _Delay_1us
  L_end_Delay_10us
  _Delay_10us
  L_end_Delay_22us
  _Delay_22us
  L_end_Delay_50us
  _Delay_50us
  L_end_Delay_80us
  _Delay_80us
  L_end_Delay_500us
  _Delay_500us
  L_end_Delay_5500us
  _Delay_5500us
  L_end_Delay_1ms
  _Delay_1ms
  L_end_Delay_5ms
  _Delay_5ms
  L_end_Delay_8ms
  _Delay_8ms
  L_end_Delay_10ms
  _Delay_10ms
  L_end_Delay_100ms
  _Delay_100ms
  L_end_Delay_1sec
  _Delay_1sec
  L_end_boot16_Delay_5ms
  _boot16_Delay_5ms
  L_end_Delay_Cyc
  _Delay_Cyc
  L_end_VDelay_ms
  _VDelay_ms
  L__VDelay_ms38
  L__VDelay_ms39
  L__VDelay_ms40
  L_end_VDelay_Advanced_ms
  _VDelay_Advanced_ms
  L__VDelay_Advanced_ms42
  L__VDelay_Advanced_ms43
  L__VDelay_Advanced_ms44
  L_Lcd_Cmd0
  L_Lcd_Cmd1
  L_Lcd_Out_CP2
  L_Lcd_Out_CP3
  L_Lcd_Chr4
  L_Lcd_Chr5
  L_Lcd_Chr6
  L_Lcd_Chr7
  L_Lcd_Chr8
  L_Lcd_Chr9
  L_Lcd_Chr10
  L_Lcd_Out11
  L_Lcd_Out12
  L_Lcd_Out13
  L_Lcd_Out14
  L_Lcd_Out15
  L_Lcd_Out16
  L_Lcd_Out17
  L_Lcd_Out18
  L_Lcd_Out19
  L_end_Lcd_Cmd
  _Lcd_Cmd
  L__Lcd_Cmd21
  L__Lcd_Cmd22
  L__Lcd_Cmd23
  L__Lcd_Cmd24
  L__Lcd_Cmd25
  L__Lcd_Cmd26
  L__Lcd_Cmd27
  L__Lcd_Cmd28
  L__Lcd_Cmd29
  L__Lcd_Cmd30
  L__Lcd_Cmd31
  L__Lcd_Cmd32
  L__Lcd_Cmd33
  L__Lcd_Cmd34
  L__Lcd_Cmd35
  L__Lcd_Cmd36
  L__Lcd_Cmd37
  L__Lcd_Cmd38
  L__Lcd_Cmd39
  L__Lcd_Cmd40
  L_end_Lcd_Chr_CP
  _Lcd_Chr_CP
  L_end_Lcd_Out_CP
  _Lcd_Out_CP
  L_end_Lcd_Chr
  _Lcd_Chr
  L_end_Lcd_Init
  _Lcd_Init
  L_end_Lcd_Out
  _Lcd_Out
  SETFOV32EEE
  SETFUN32EEE
  NORM3232
  JPNRES032
  JPNSETFUN32
  NORM3232A
  JMPNFIXSIGN32
  NORM32EEE
  NRMRND4032
  NRM4032
  JMPSETFOV32
  NORM4032
  JMPRES032
  JMPSETFUN32
  NORM4032A
  JMPFIXSIGN32
  NRM4032EEE
  USEA32
  JMPEEE
  ALIGNED32
  ALIGNB32
  ALOOPB32
  AOK32
  ACOMP32
  JMPNRMRND4032
  ADD_JMPSETFOV32
  JMPNRM4032
  JMPNRM32
  ADD32EEE
  FPM32
  JPMRES032
  M32BNE0
  MTUN32
  JPMSETFOV32
  MOK32
  JPMSETFUN32
  MLOOP32
  MNOADD32
  MADD32
  MROUND32
  MUL32OK
  MUL32EEE
  L_Div_32x32_FP7
  L_Div_32x32_FP8
  L_Div_32x32_FP9
  L_Div_32x32_FP10
  FPD32
  JPDSETFDZ32
  JPDRES032
  D32BNE0
  TALIGN32
  TS1ALIGN32
  TS2ALIGN32
  DALIGN32OK
  ALTB32
  AGEB32
  JPDSETFOV32
  DARGOK32
  JPDSETFUN32
  DLOOP32
  DS132
  DS232
  DREST32
  DOK32
  DAREST32
  DROUND32
  DIV32OK
  DIV32EEE
  SETIOV3224EEE
  INT3232U
  INT3232UEOK
  SETEXP32U
  SETIOV32U
  TSHIFT3232U
  SHIFT3232UOK
  SHIFT3232U
  INT3232UOK
  JPLSETIOV3224
  IRES032U
  INT3232UEER
  INT3232UEEE
  L_Double2Longword_0
  INT3232
  INT3232EOK
  SETIOV32
  TSHIFT3232
  SHIFT3232OK
  SHIFT3232
  INT3232OK
  JPISETIOV3224
  IRES032
  INT3232EER
  INT3232EEE
  L_Double2Longint_0
  INT3216
  IRES016
  SETIOV16
  TSHIFT3216
  SHIFT3216OK
  SHIFT3216
  INT3216OK
  JPJSETIOV3224
  INT3216EOK
  INT3216EER
  INT3216EEE
  L_Double2Int_0
  INT3216U
  IRES016U
  SETEXP16U
  SETIOV16U
  TSHIFT3216U
  SHIFT3216UOK
  SHIFT3216U
  INT3216UOK
  JPKSETIOV3224
  INT3216UEOK
  INT3216UEER
  INT3216UEEE
  L_Double2Word_0
  INT32U08
  IRES008
  SETEXP08
  SETIOV08
  TSHIFT3208
  SHIFT3208OK
  SHIFT3208
  INT3208OK
  D2B_JPKSETIOV3224
  INT3208EOK
  INT3208EER
  INT3208EEE
  L_Double2Byte_0
  FLO08U32
  FLO1632
  FLO1632EEE
  FLO16U32
  FLO3232
  FLO3232EEE
  FLO32U32
  EQU_FALSE
  COMPARE_EQU
  COMPARE_NOTZERO
  COMPARE_XNOTZERO
  COMPARE_YNOTZERO
  COMPARE_LT
  COMPARE_GT
  COMPARE_TESTALL
  COMPARE_C1
  GT_FALSE
  GT_TRUE
  COMPARE_C2
  COMPARE_C3
  L_end_SETFOV32
  _SETFOV32
  L_end_SETFDZ32
  _SETFDZ32
  L_end_FIXSIGN32
  _FIXSIGN32
  L_end_RES032
  _RES032
  L_end_SETFUN32
  _SETFUN32
  L_end_NRM3232
  _NRM3232
  L_end_NRM4032
  _NRM4032
  L_end_Add_32x32_FP
  _Add_32x32_FP
  L_end_Sub_32x32_FP
  _Sub_32x32_FP
  L_end_Mul_32x32_FP
  _Mul_32x32_FP
  L_end_Div_32x32_FP
  _Div_32x32_FP
  L_end_SETIOV3224
  _SETIOV3224
  L_end_double2longword
  _double2longword
  L_end_double2longint
  _double2longint
  L_end_double2int
  _double2int
  L_end_double2word
  _double2word
  L_end_double2byte
  _double2byte
  L_end_byte2double
  _byte2double
  L_end_int2double
  _int2double
  L_end_word2double
  _word2double
  L_end_longint2double
  _longint2double
  L_end_longword2double
  _longword2double
  L_end_Equals_Double
  _Equals_Double
  L_end_Compare_Double
  _Compare_Double
